CRITICAL - 2025-08-10 03:33:20 --> Request URI segment is out of range: 2
#0 C:\laragon\www\pointofsale\system\HTTP\URI.php(529): CodeIgniter\HTTP\Exceptions\HTTPException::forURISegmentOutOfRange(2)
#1 C:\laragon\www\pointofsale\app\Views\template.php(9): CodeIgniter\HTTP\URI->getSegment(2)
#2 C:\laragon\www\pointofsale\system\View\View.php(214): include('C:\\laragon\\www\\...')
#3 C:\laragon\www\pointofsale\system\View\View.php(217): CodeIgniter\View\View->CodeIgniter\View\{closure}()
#4 C:\laragon\www\pointofsale\system\View\View.php(230): CodeIgniter\View\View->render('template', Array, true)
#5 C:\laragon\www\pointofsale\system\Common.php(1097): CodeIgniter\View\View->render('antrian', Array, true)
#6 C:\laragon\www\pointofsale\app\Controllers\Antrian.php(26): view('antrian')
#7 C:\laragon\www\pointofsale\system\CodeIgniter.php(824): App\Controllers\Antrian->index()
#8 C:\laragon\www\pointofsale\system\CodeIgniter.php(410): CodeIgniter\CodeIgniter->runController(Object(App\Controllers\Antrian))
#9 C:\laragon\www\pointofsale\system\CodeIgniter.php(318): CodeIgniter\CodeIgniter->handleRequest(NULL, Object(Config\Cache), false)
#10 C:\laragon\www\pointofsale\public\index.php(37): CodeIgniter\CodeIgniter->run()
#11 C:\laragon\www\pointofsale\system\Commands\Server\rewrite.php(43): require_once('C:\\laragon\\www\\...')
#12 {main}
CRITICAL - 2025-08-10 03:33:26 --> Request URI segment is out of range: 2
#0 C:\laragon\www\pointofsale\system\HTTP\URI.php(529): CodeIgniter\HTTP\Exceptions\HTTPException::forURISegmentOutOfRange(2)
#1 C:\laragon\www\pointofsale\app\Views\template.php(9): CodeIgniter\HTTP\URI->getSegment(2)
#2 C:\laragon\www\pointofsale\system\View\View.php(214): include('C:\\laragon\\www\\...')
#3 C:\laragon\www\pointofsale\system\View\View.php(217): CodeIgniter\View\View->CodeIgniter\View\{closure}()
#4 C:\laragon\www\pointofsale\system\View\View.php(230): CodeIgniter\View\View->render('template', Array, true)
#5 C:\laragon\www\pointofsale\system\Common.php(1097): CodeIgniter\View\View->render('antrian', Array, true)
#6 C:\laragon\www\pointofsale\app\Controllers\Antrian.php(26): view('antrian')
#7 C:\laragon\www\pointofsale\system\CodeIgniter.php(824): App\Controllers\Antrian->index()
#8 C:\laragon\www\pointofsale\system\CodeIgniter.php(410): CodeIgniter\CodeIgniter->runController(Object(App\Controllers\Antrian))
#9 C:\laragon\www\pointofsale\system\CodeIgniter.php(318): CodeIgniter\CodeIgniter->handleRequest(NULL, Object(Config\Cache), false)
#10 C:\laragon\www\pointofsale\public\index.php(37): CodeIgniter\CodeIgniter->run()
#11 C:\laragon\www\pointofsale\system\Commands\Server\rewrite.php(43): require_once('C:\\laragon\\www\\...')
#12 {main}
CRITICAL - 2025-08-10 03:33:36 --> Request URI segment is out of range: 2
#0 C:\laragon\www\pointofsale\system\HTTP\URI.php(529): CodeIgniter\HTTP\Exceptions\HTTPException::forURISegmentOutOfRange(2)
#1 C:\laragon\www\pointofsale\app\Views\template.php(9): CodeIgniter\HTTP\URI->getSegment(2)
#2 C:\laragon\www\pointofsale\system\View\View.php(214): include('C:\\laragon\\www\\...')
#3 C:\laragon\www\pointofsale\system\View\View.php(217): CodeIgniter\View\View->CodeIgniter\View\{closure}()
#4 C:\laragon\www\pointofsale\system\View\View.php(230): CodeIgniter\View\View->render('template', Array, true)
#5 C:\laragon\www\pointofsale\system\Common.php(1097): CodeIgniter\View\View->render('antrian', Array, true)
#6 C:\laragon\www\pointofsale\app\Controllers\Antrian.php(26): view('antrian')
#7 C:\laragon\www\pointofsale\system\CodeIgniter.php(824): App\Controllers\Antrian->index()
#8 C:\laragon\www\pointofsale\system\CodeIgniter.php(410): CodeIgniter\CodeIgniter->runController(Object(App\Controllers\Antrian))
#9 C:\laragon\www\pointofsale\system\CodeIgniter.php(318): CodeIgniter\CodeIgniter->handleRequest(NULL, Object(Config\Cache), false)
#10 C:\laragon\www\pointofsale\public\index.php(37): CodeIgniter\CodeIgniter->run()
#11 C:\laragon\www\pointofsale\system\Commands\Server\rewrite.php(43): require_once('C:\\laragon\\www\\...')
#12 {main}
CRITICAL - 2025-08-10 03:37:16 --> Request URI segment is out of range: 2
#0 C:\laragon\www\pointofsale\system\HTTP\URI.php(529): CodeIgniter\HTTP\Exceptions\HTTPException::forURISegmentOutOfRange(2)
#1 C:\laragon\www\pointofsale\app\Views\template.php(9): CodeIgniter\HTTP\URI->getSegment(2)
#2 C:\laragon\www\pointofsale\system\View\View.php(214): include('C:\\laragon\\www\\...')
#3 C:\laragon\www\pointofsale\system\View\View.php(217): CodeIgniter\View\View->CodeIgniter\View\{closure}()
#4 C:\laragon\www\pointofsale\system\View\View.php(230): CodeIgniter\View\View->render('template', Array, true)
#5 C:\laragon\www\pointofsale\system\Common.php(1097): CodeIgniter\View\View->render('antrian', Array, true)
#6 C:\laragon\www\pointofsale\app\Controllers\Antrian.php(26): view('antrian')
#7 C:\laragon\www\pointofsale\system\CodeIgniter.php(824): App\Controllers\Antrian->index()
#8 C:\laragon\www\pointofsale\system\CodeIgniter.php(410): CodeIgniter\CodeIgniter->runController(Object(App\Controllers\Antrian))
#9 C:\laragon\www\pointofsale\system\CodeIgniter.php(318): CodeIgniter\CodeIgniter->handleRequest(NULL, Object(Config\Cache), false)
#10 C:\laragon\www\pointofsale\public\index.php(37): CodeIgniter\CodeIgniter->run()
#11 C:\laragon\www\pointofsale\system\Commands\Server\rewrite.php(43): require_once('C:\\laragon\\www\\...')
#12 {main}
CRITICAL - 2025-08-10 03:37:20 --> Request URI segment is out of range: 2
#0 C:\laragon\www\pointofsale\system\HTTP\URI.php(529): CodeIgniter\HTTP\Exceptions\HTTPException::forURISegmentOutOfRange(2)
#1 C:\laragon\www\pointofsale\app\Views\template.php(9): CodeIgniter\HTTP\URI->getSegment(2)
#2 C:\laragon\www\pointofsale\system\View\View.php(214): include('C:\\laragon\\www\\...')
#3 C:\laragon\www\pointofsale\system\View\View.php(217): CodeIgniter\View\View->CodeIgniter\View\{closure}()
#4 C:\laragon\www\pointofsale\system\View\View.php(230): CodeIgniter\View\View->render('template', Array, true)
#5 C:\laragon\www\pointofsale\system\Common.php(1097): CodeIgniter\View\View->render('antrian', Array, true)
#6 C:\laragon\www\pointofsale\app\Controllers\Antrian.php(26): view('antrian')
#7 C:\laragon\www\pointofsale\system\CodeIgniter.php(824): App\Controllers\Antrian->index()
#8 C:\laragon\www\pointofsale\system\CodeIgniter.php(410): CodeIgniter\CodeIgniter->runController(Object(App\Controllers\Antrian))
#9 C:\laragon\www\pointofsale\system\CodeIgniter.php(318): CodeIgniter\CodeIgniter->handleRequest(NULL, Object(Config\Cache), false)
#10 C:\laragon\www\pointofsale\public\index.php(37): CodeIgniter\CodeIgniter->run()
#11 C:\laragon\www\pointofsale\system\Commands\Server\rewrite.php(43): require_once('C:\\laragon\\www\\...')
#12 {main}
CRITICAL - 2025-08-10 03:37:25 --> Request URI segment is out of range: 2
#0 C:\laragon\www\pointofsale\system\HTTP\URI.php(529): CodeIgniter\HTTP\Exceptions\HTTPException::forURISegmentOutOfRange(2)
#1 C:\laragon\www\pointofsale\app\Views\template.php(9): CodeIgniter\HTTP\URI->getSegment(2)
#2 C:\laragon\www\pointofsale\system\View\View.php(214): include('C:\\laragon\\www\\...')
#3 C:\laragon\www\pointofsale\system\View\View.php(217): CodeIgniter\View\View->CodeIgniter\View\{closure}()
#4 C:\laragon\www\pointofsale\system\View\View.php(230): CodeIgniter\View\View->render('template', Array, true)
#5 C:\laragon\www\pointofsale\system\Common.php(1097): CodeIgniter\View\View->render('antrian', Array, true)
#6 C:\laragon\www\pointofsale\app\Controllers\Antrian.php(26): view('antrian')
#7 C:\laragon\www\pointofsale\system\CodeIgniter.php(824): App\Controllers\Antrian->index()
#8 C:\laragon\www\pointofsale\system\CodeIgniter.php(410): CodeIgniter\CodeIgniter->runController(Object(App\Controllers\Antrian))
#9 C:\laragon\www\pointofsale\system\CodeIgniter.php(318): CodeIgniter\CodeIgniter->handleRequest(NULL, Object(Config\Cache), false)
#10 C:\laragon\www\pointofsale\public\index.php(37): CodeIgniter\CodeIgniter->run()
#11 C:\laragon\www\pointofsale\system\Commands\Server\rewrite.php(43): require_once('C:\\laragon\\www\\...')
#12 {main}
CRITICAL - 2025-08-10 03:38:32 --> Request URI segment is out of range: 2
#0 C:\laragon\www\pointofsale\system\HTTP\URI.php(529): CodeIgniter\HTTP\Exceptions\HTTPException::forURISegmentOutOfRange(2)
#1 C:\laragon\www\pointofsale\app\Views\template.php(9): CodeIgniter\HTTP\URI->getSegment(2)
#2 C:\laragon\www\pointofsale\system\View\View.php(214): include('C:\\laragon\\www\\...')
#3 C:\laragon\www\pointofsale\system\View\View.php(217): CodeIgniter\View\View->CodeIgniter\View\{closure}()
#4 C:\laragon\www\pointofsale\system\View\View.php(230): CodeIgniter\View\View->render('template', Array, true)
#5 C:\laragon\www\pointofsale\system\Common.php(1097): CodeIgniter\View\View->render('antrian', Array, true)
#6 C:\laragon\www\pointofsale\app\Controllers\Antrian.php(26): view('antrian')
#7 C:\laragon\www\pointofsale\system\CodeIgniter.php(824): App\Controllers\Antrian->index()
#8 C:\laragon\www\pointofsale\system\CodeIgniter.php(410): CodeIgniter\CodeIgniter->runController(Object(App\Controllers\Antrian))
#9 C:\laragon\www\pointofsale\system\CodeIgniter.php(318): CodeIgniter\CodeIgniter->handleRequest(NULL, Object(Config\Cache), false)
#10 C:\laragon\www\pointofsale\public\index.php(37): CodeIgniter\CodeIgniter->run()
#11 C:\laragon\www\pointofsale\system\Commands\Server\rewrite.php(43): require_once('C:\\laragon\\www\\...')
#12 {main}
CRITICAL - 2025-08-10 03:53:06 --> Request URI segment is out of range: 2
#0 C:\laragon\www\pointofsale\system\HTTP\URI.php(529): CodeIgniter\HTTP\Exceptions\HTTPException::forURISegmentOutOfRange(2)
#1 C:\laragon\www\pointofsale\app\Views\template.php(9): CodeIgniter\HTTP\URI->getSegment(2)
#2 C:\laragon\www\pointofsale\system\View\View.php(214): include('C:\\laragon\\www\\...')
#3 C:\laragon\www\pointofsale\system\View\View.php(217): CodeIgniter\View\View->CodeIgniter\View\{closure}()
#4 C:\laragon\www\pointofsale\system\View\View.php(230): CodeIgniter\View\View->render('template', Array, true)
#5 C:\laragon\www\pointofsale\system\Common.php(1097): CodeIgniter\View\View->render('antrian', Array, true)
#6 C:\laragon\www\pointofsale\app\Controllers\Antrian.php(26): view('antrian')
#7 C:\laragon\www\pointofsale\system\CodeIgniter.php(824): App\Controllers\Antrian->index()
#8 C:\laragon\www\pointofsale\system\CodeIgniter.php(410): CodeIgniter\CodeIgniter->runController(Object(App\Controllers\Antrian))
#9 C:\laragon\www\pointofsale\system\CodeIgniter.php(318): CodeIgniter\CodeIgniter->handleRequest(NULL, Object(Config\Cache), false)
#10 C:\laragon\www\pointofsale\public\index.php(37): CodeIgniter\CodeIgniter->run()
#11 C:\laragon\www\pointofsale\system\Commands\Server\rewrite.php(43): require_once('C:\\laragon\\www\\...')
#12 {main}
CRITICAL - 2025-08-10 03:53:08 --> Request URI segment is out of range: 2
#0 C:\laragon\www\pointofsale\system\HTTP\URI.php(529): CodeIgniter\HTTP\Exceptions\HTTPException::forURISegmentOutOfRange(2)
#1 C:\laragon\www\pointofsale\app\Views\template.php(9): CodeIgniter\HTTP\URI->getSegment(2)
#2 C:\laragon\www\pointofsale\system\View\View.php(214): include('C:\\laragon\\www\\...')
#3 C:\laragon\www\pointofsale\system\View\View.php(217): CodeIgniter\View\View->CodeIgniter\View\{closure}()
#4 C:\laragon\www\pointofsale\system\View\View.php(230): CodeIgniter\View\View->render('template', Array, true)
#5 C:\laragon\www\pointofsale\system\Common.php(1097): CodeIgniter\View\View->render('antrian', Array, true)
#6 C:\laragon\www\pointofsale\app\Controllers\Antrian.php(26): view('antrian')
#7 C:\laragon\www\pointofsale\system\CodeIgniter.php(824): App\Controllers\Antrian->index()
#8 C:\laragon\www\pointofsale\system\CodeIgniter.php(410): CodeIgniter\CodeIgniter->runController(Object(App\Controllers\Antrian))
#9 C:\laragon\www\pointofsale\system\CodeIgniter.php(318): CodeIgniter\CodeIgniter->handleRequest(NULL, Object(Config\Cache), false)
#10 C:\laragon\www\pointofsale\public\index.php(37): CodeIgniter\CodeIgniter->run()
#11 C:\laragon\www\pointofsale\system\Commands\Server\rewrite.php(43): require_once('C:\\laragon\\www\\...')
#12 {main}
CRITICAL - 2025-08-10 03:53:09 --> Request URI segment is out of range: 2
#0 C:\laragon\www\pointofsale\system\HTTP\URI.php(529): CodeIgniter\HTTP\Exceptions\HTTPException::forURISegmentOutOfRange(2)
#1 C:\laragon\www\pointofsale\app\Views\template.php(9): CodeIgniter\HTTP\URI->getSegment(2)
#2 C:\laragon\www\pointofsale\system\View\View.php(214): include('C:\\laragon\\www\\...')
#3 C:\laragon\www\pointofsale\system\View\View.php(217): CodeIgniter\View\View->CodeIgniter\View\{closure}()
#4 C:\laragon\www\pointofsale\system\View\View.php(230): CodeIgniter\View\View->render('template', Array, true)
#5 C:\laragon\www\pointofsale\system\Common.php(1097): CodeIgniter\View\View->render('antrian', Array, true)
#6 C:\laragon\www\pointofsale\app\Controllers\Antrian.php(26): view('antrian')
#7 C:\laragon\www\pointofsale\system\CodeIgniter.php(824): App\Controllers\Antrian->index()
#8 C:\laragon\www\pointofsale\system\CodeIgniter.php(410): CodeIgniter\CodeIgniter->runController(Object(App\Controllers\Antrian))
#9 C:\laragon\www\pointofsale\system\CodeIgniter.php(318): CodeIgniter\CodeIgniter->handleRequest(NULL, Object(Config\Cache), false)
#10 C:\laragon\www\pointofsale\public\index.php(37): CodeIgniter\CodeIgniter->run()
#11 C:\laragon\www\pointofsale\system\Commands\Server\rewrite.php(43): require_once('C:\\laragon\\www\\...')
#12 {main}
CRITICAL - 2025-08-10 03:53:09 --> Request URI segment is out of range: 2
#0 C:\laragon\www\pointofsale\system\HTTP\URI.php(529): CodeIgniter\HTTP\Exceptions\HTTPException::forURISegmentOutOfRange(2)
#1 C:\laragon\www\pointofsale\app\Views\template.php(9): CodeIgniter\HTTP\URI->getSegment(2)
#2 C:\laragon\www\pointofsale\system\View\View.php(214): include('C:\\laragon\\www\\...')
#3 C:\laragon\www\pointofsale\system\View\View.php(217): CodeIgniter\View\View->CodeIgniter\View\{closure}()
#4 C:\laragon\www\pointofsale\system\View\View.php(230): CodeIgniter\View\View->render('template', Array, true)
#5 C:\laragon\www\pointofsale\system\Common.php(1097): CodeIgniter\View\View->render('antrian', Array, true)
#6 C:\laragon\www\pointofsale\app\Controllers\Antrian.php(26): view('antrian')
#7 C:\laragon\www\pointofsale\system\CodeIgniter.php(824): App\Controllers\Antrian->index()
#8 C:\laragon\www\pointofsale\system\CodeIgniter.php(410): CodeIgniter\CodeIgniter->runController(Object(App\Controllers\Antrian))
#9 C:\laragon\www\pointofsale\system\CodeIgniter.php(318): CodeIgniter\CodeIgniter->handleRequest(NULL, Object(Config\Cache), false)
#10 C:\laragon\www\pointofsale\public\index.php(37): CodeIgniter\CodeIgniter->run()
#11 C:\laragon\www\pointofsale\system\Commands\Server\rewrite.php(43): require_once('C:\\laragon\\www\\...')
#12 {main}
CRITICAL - 2025-08-10 03:53:09 --> Request URI segment is out of range: 2
#0 C:\laragon\www\pointofsale\system\HTTP\URI.php(529): CodeIgniter\HTTP\Exceptions\HTTPException::forURISegmentOutOfRange(2)
#1 C:\laragon\www\pointofsale\app\Views\template.php(9): CodeIgniter\HTTP\URI->getSegment(2)
#2 C:\laragon\www\pointofsale\system\View\View.php(214): include('C:\\laragon\\www\\...')
#3 C:\laragon\www\pointofsale\system\View\View.php(217): CodeIgniter\View\View->CodeIgniter\View\{closure}()
#4 C:\laragon\www\pointofsale\system\View\View.php(230): CodeIgniter\View\View->render('template', Array, true)
#5 C:\laragon\www\pointofsale\system\Common.php(1097): CodeIgniter\View\View->render('antrian', Array, true)
#6 C:\laragon\www\pointofsale\app\Controllers\Antrian.php(26): view('antrian')
#7 C:\laragon\www\pointofsale\system\CodeIgniter.php(824): App\Controllers\Antrian->index()
#8 C:\laragon\www\pointofsale\system\CodeIgniter.php(410): CodeIgniter\CodeIgniter->runController(Object(App\Controllers\Antrian))
#9 C:\laragon\www\pointofsale\system\CodeIgniter.php(318): CodeIgniter\CodeIgniter->handleRequest(NULL, Object(Config\Cache), false)
#10 C:\laragon\www\pointofsale\public\index.php(37): CodeIgniter\CodeIgniter->run()
#11 C:\laragon\www\pointofsale\system\Commands\Server\rewrite.php(43): require_once('C:\\laragon\\www\\...')
#12 {main}
CRITICAL - 2025-08-10 03:53:09 --> Request URI segment is out of range: 2
#0 C:\laragon\www\pointofsale\system\HTTP\URI.php(529): CodeIgniter\HTTP\Exceptions\HTTPException::forURISegmentOutOfRange(2)
#1 C:\laragon\www\pointofsale\app\Views\template.php(9): CodeIgniter\HTTP\URI->getSegment(2)
#2 C:\laragon\www\pointofsale\system\View\View.php(214): include('C:\\laragon\\www\\...')
#3 C:\laragon\www\pointofsale\system\View\View.php(217): CodeIgniter\View\View->CodeIgniter\View\{closure}()
#4 C:\laragon\www\pointofsale\system\View\View.php(230): CodeIgniter\View\View->render('template', Array, true)
#5 C:\laragon\www\pointofsale\system\Common.php(1097): CodeIgniter\View\View->render('antrian', Array, true)
#6 C:\laragon\www\pointofsale\app\Controllers\Antrian.php(26): view('antrian')
#7 C:\laragon\www\pointofsale\system\CodeIgniter.php(824): App\Controllers\Antrian->index()
#8 C:\laragon\www\pointofsale\system\CodeIgniter.php(410): CodeIgniter\CodeIgniter->runController(Object(App\Controllers\Antrian))
#9 C:\laragon\www\pointofsale\system\CodeIgniter.php(318): CodeIgniter\CodeIgniter->handleRequest(NULL, Object(Config\Cache), false)
#10 C:\laragon\www\pointofsale\public\index.php(37): CodeIgniter\CodeIgniter->run()
#11 C:\laragon\www\pointofsale\system\Commands\Server\rewrite.php(43): require_once('C:\\laragon\\www\\...')
#12 {main}
CRITICAL - 2025-08-10 03:53:13 --> Request URI segment is out of range: 2
#0 C:\laragon\www\pointofsale\system\HTTP\URI.php(529): CodeIgniter\HTTP\Exceptions\HTTPException::forURISegmentOutOfRange(2)
#1 C:\laragon\www\pointofsale\app\Views\template.php(9): CodeIgniter\HTTP\URI->getSegment(2)
#2 C:\laragon\www\pointofsale\system\View\View.php(214): include('C:\\laragon\\www\\...')
#3 C:\laragon\www\pointofsale\system\View\View.php(217): CodeIgniter\View\View->CodeIgniter\View\{closure}()
#4 C:\laragon\www\pointofsale\system\View\View.php(230): CodeIgniter\View\View->render('template', Array, true)
#5 C:\laragon\www\pointofsale\system\Common.php(1097): CodeIgniter\View\View->render('antrian', Array, true)
#6 C:\laragon\www\pointofsale\app\Controllers\Antrian.php(26): view('antrian')
#7 C:\laragon\www\pointofsale\system\CodeIgniter.php(824): App\Controllers\Antrian->index()
#8 C:\laragon\www\pointofsale\system\CodeIgniter.php(410): CodeIgniter\CodeIgniter->runController(Object(App\Controllers\Antrian))
#9 C:\laragon\www\pointofsale\system\CodeIgniter.php(318): CodeIgniter\CodeIgniter->handleRequest(NULL, Object(Config\Cache), false)
#10 C:\laragon\www\pointofsale\public\index.php(37): CodeIgniter\CodeIgniter->run()
#11 C:\laragon\www\pointofsale\system\Commands\Server\rewrite.php(43): require_once('C:\\laragon\\www\\...')
#12 {main}
CRITICAL - 2025-08-10 03:53:20 --> Request URI segment is out of range: 2
#0 C:\laragon\www\pointofsale\system\HTTP\URI.php(529): CodeIgniter\HTTP\Exceptions\HTTPException::forURISegmentOutOfRange(2)
#1 C:\laragon\www\pointofsale\app\Views\template.php(9): CodeIgniter\HTTP\URI->getSegment(2)
#2 C:\laragon\www\pointofsale\system\View\View.php(214): include('C:\\laragon\\www\\...')
#3 C:\laragon\www\pointofsale\system\View\View.php(217): CodeIgniter\View\View->CodeIgniter\View\{closure}()
#4 C:\laragon\www\pointofsale\system\View\View.php(230): CodeIgniter\View\View->render('template', Array, true)
#5 C:\laragon\www\pointofsale\system\Common.php(1097): CodeIgniter\View\View->render('antrian', Array, true)
#6 C:\laragon\www\pointofsale\app\Controllers\Antrian.php(26): view('antrian')
#7 C:\laragon\www\pointofsale\system\CodeIgniter.php(824): App\Controllers\Antrian->index()
#8 C:\laragon\www\pointofsale\system\CodeIgniter.php(410): CodeIgniter\CodeIgniter->runController(Object(App\Controllers\Antrian))
#9 C:\laragon\www\pointofsale\system\CodeIgniter.php(318): CodeIgniter\CodeIgniter->handleRequest(NULL, Object(Config\Cache), false)
#10 C:\laragon\www\pointofsale\public\index.php(37): CodeIgniter\CodeIgniter->run()
#11 C:\laragon\www\pointofsale\system\Commands\Server\rewrite.php(43): require_once('C:\\laragon\\www\\...')
#12 {main}
CRITICAL - 2025-08-10 03:53:31 --> Request URI segment is out of range: 2
#0 C:\laragon\www\pointofsale\system\HTTP\URI.php(529): CodeIgniter\HTTP\Exceptions\HTTPException::forURISegmentOutOfRange(2)
#1 C:\laragon\www\pointofsale\app\Views\template.php(9): CodeIgniter\HTTP\URI->getSegment(2)
#2 C:\laragon\www\pointofsale\system\View\View.php(214): include('C:\\laragon\\www\\...')
#3 C:\laragon\www\pointofsale\system\View\View.php(217): CodeIgniter\View\View->CodeIgniter\View\{closure}()
#4 C:\laragon\www\pointofsale\system\View\View.php(230): CodeIgniter\View\View->render('template', Array, true)
#5 C:\laragon\www\pointofsale\system\Common.php(1097): CodeIgniter\View\View->render('antrian', Array, true)
#6 C:\laragon\www\pointofsale\app\Controllers\Antrian.php(26): view('antrian')
#7 C:\laragon\www\pointofsale\system\CodeIgniter.php(824): App\Controllers\Antrian->index()
#8 C:\laragon\www\pointofsale\system\CodeIgniter.php(410): CodeIgniter\CodeIgniter->runController(Object(App\Controllers\Antrian))
#9 C:\laragon\www\pointofsale\system\CodeIgniter.php(318): CodeIgniter\CodeIgniter->handleRequest(NULL, Object(Config\Cache), false)
#10 C:\laragon\www\pointofsale\public\index.php(37): CodeIgniter\CodeIgniter->run()
#11 C:\laragon\www\pointofsale\system\Commands\Server\rewrite.php(43): require_once('C:\\laragon\\www\\...')
#12 {main}
CRITICAL - 2025-08-10 03:53:45 --> Request URI segment is out of range: 2
#0 C:\laragon\www\pointofsale\system\HTTP\URI.php(529): CodeIgniter\HTTP\Exceptions\HTTPException::forURISegmentOutOfRange(2)
#1 C:\laragon\www\pointofsale\app\Views\template.php(9): CodeIgniter\HTTP\URI->getSegment(2)
#2 C:\laragon\www\pointofsale\system\View\View.php(214): include('C:\\laragon\\www\\...')
#3 C:\laragon\www\pointofsale\system\View\View.php(217): CodeIgniter\View\View->CodeIgniter\View\{closure}()
#4 C:\laragon\www\pointofsale\system\View\View.php(230): CodeIgniter\View\View->render('template', Array, true)
#5 C:\laragon\www\pointofsale\system\Common.php(1097): CodeIgniter\View\View->render('antrian', Array, true)
#6 C:\laragon\www\pointofsale\app\Controllers\Antrian.php(26): view('antrian')
#7 C:\laragon\www\pointofsale\system\CodeIgniter.php(824): App\Controllers\Antrian->index()
#8 C:\laragon\www\pointofsale\system\CodeIgniter.php(410): CodeIgniter\CodeIgniter->runController(Object(App\Controllers\Antrian))
#9 C:\laragon\www\pointofsale\system\CodeIgniter.php(318): CodeIgniter\CodeIgniter->handleRequest(NULL, Object(Config\Cache), false)
#10 C:\laragon\www\pointofsale\public\index.php(37): CodeIgniter\CodeIgniter->run()
#11 {main}
CRITICAL - 2025-08-10 03:56:39 --> Request URI segment is out of range: 2
#0 C:\laragon\www\pointofsale\system\HTTP\URI.php(529): CodeIgniter\HTTP\Exceptions\HTTPException::forURISegmentOutOfRange(2)
#1 C:\laragon\www\pointofsale\app\Views\template.php(9): CodeIgniter\HTTP\URI->getSegment(2)
#2 C:\laragon\www\pointofsale\system\View\View.php(214): include('C:\\laragon\\www\\...')
#3 C:\laragon\www\pointofsale\system\View\View.php(217): CodeIgniter\View\View->CodeIgniter\View\{closure}()
#4 C:\laragon\www\pointofsale\system\View\View.php(230): CodeIgniter\View\View->render('template', Array, true)
#5 C:\laragon\www\pointofsale\system\Common.php(1097): CodeIgniter\View\View->render('antrian', Array, true)
#6 C:\laragon\www\pointofsale\app\Controllers\Antrian.php(26): view('antrian')
#7 C:\laragon\www\pointofsale\system\CodeIgniter.php(824): App\Controllers\Antrian->index()
#8 C:\laragon\www\pointofsale\system\CodeIgniter.php(410): CodeIgniter\CodeIgniter->runController(Object(App\Controllers\Antrian))
#9 C:\laragon\www\pointofsale\system\CodeIgniter.php(318): CodeIgniter\CodeIgniter->handleRequest(NULL, Object(Config\Cache), false)
#10 C:\laragon\www\pointofsale\public\index.php(37): CodeIgniter\CodeIgniter->run()
#11 {main}
CRITICAL - 2025-08-10 03:56:40 --> Request URI segment is out of range: 2
#0 C:\laragon\www\pointofsale\system\HTTP\URI.php(529): CodeIgniter\HTTP\Exceptions\HTTPException::forURISegmentOutOfRange(2)
#1 C:\laragon\www\pointofsale\app\Views\template.php(9): CodeIgniter\HTTP\URI->getSegment(2)
#2 C:\laragon\www\pointofsale\system\View\View.php(214): include('C:\\laragon\\www\\...')
#3 C:\laragon\www\pointofsale\system\View\View.php(217): CodeIgniter\View\View->CodeIgniter\View\{closure}()
#4 C:\laragon\www\pointofsale\system\View\View.php(230): CodeIgniter\View\View->render('template', Array, true)
#5 C:\laragon\www\pointofsale\system\Common.php(1097): CodeIgniter\View\View->render('antrian', Array, true)
#6 C:\laragon\www\pointofsale\app\Controllers\Antrian.php(26): view('antrian')
#7 C:\laragon\www\pointofsale\system\CodeIgniter.php(824): App\Controllers\Antrian->index()
#8 C:\laragon\www\pointofsale\system\CodeIgniter.php(410): CodeIgniter\CodeIgniter->runController(Object(App\Controllers\Antrian))
#9 C:\laragon\www\pointofsale\system\CodeIgniter.php(318): CodeIgniter\CodeIgniter->handleRequest(NULL, Object(Config\Cache), false)
#10 C:\laragon\www\pointofsale\public\index.php(37): CodeIgniter\CodeIgniter->run()
#11 {main}
CRITICAL - 2025-08-10 03:56:40 --> Request URI segment is out of range: 2
#0 C:\laragon\www\pointofsale\system\HTTP\URI.php(529): CodeIgniter\HTTP\Exceptions\HTTPException::forURISegmentOutOfRange(2)
#1 C:\laragon\www\pointofsale\app\Views\template.php(9): CodeIgniter\HTTP\URI->getSegment(2)
#2 C:\laragon\www\pointofsale\system\View\View.php(214): include('C:\\laragon\\www\\...')
#3 C:\laragon\www\pointofsale\system\View\View.php(217): CodeIgniter\View\View->CodeIgniter\View\{closure}()
#4 C:\laragon\www\pointofsale\system\View\View.php(230): CodeIgniter\View\View->render('template', Array, true)
#5 C:\laragon\www\pointofsale\system\Common.php(1097): CodeIgniter\View\View->render('antrian', Array, true)
#6 C:\laragon\www\pointofsale\app\Controllers\Antrian.php(26): view('antrian')
#7 C:\laragon\www\pointofsale\system\CodeIgniter.php(824): App\Controllers\Antrian->index()
#8 C:\laragon\www\pointofsale\system\CodeIgniter.php(410): CodeIgniter\CodeIgniter->runController(Object(App\Controllers\Antrian))
#9 C:\laragon\www\pointofsale\system\CodeIgniter.php(318): CodeIgniter\CodeIgniter->handleRequest(NULL, Object(Config\Cache), false)
#10 C:\laragon\www\pointofsale\public\index.php(37): CodeIgniter\CodeIgniter->run()
#11 {main}
CRITICAL - 2025-08-10 03:56:40 --> Request URI segment is out of range: 2
#0 C:\laragon\www\pointofsale\system\HTTP\URI.php(529): CodeIgniter\HTTP\Exceptions\HTTPException::forURISegmentOutOfRange(2)
#1 C:\laragon\www\pointofsale\app\Views\template.php(9): CodeIgniter\HTTP\URI->getSegment(2)
#2 C:\laragon\www\pointofsale\system\View\View.php(214): include('C:\\laragon\\www\\...')
#3 C:\laragon\www\pointofsale\system\View\View.php(217): CodeIgniter\View\View->CodeIgniter\View\{closure}()
#4 C:\laragon\www\pointofsale\system\View\View.php(230): CodeIgniter\View\View->render('template', Array, true)
#5 C:\laragon\www\pointofsale\system\Common.php(1097): CodeIgniter\View\View->render('antrian', Array, true)
#6 C:\laragon\www\pointofsale\app\Controllers\Antrian.php(26): view('antrian')
#7 C:\laragon\www\pointofsale\system\CodeIgniter.php(824): App\Controllers\Antrian->index()
#8 C:\laragon\www\pointofsale\system\CodeIgniter.php(410): CodeIgniter\CodeIgniter->runController(Object(App\Controllers\Antrian))
#9 C:\laragon\www\pointofsale\system\CodeIgniter.php(318): CodeIgniter\CodeIgniter->handleRequest(NULL, Object(Config\Cache), false)
#10 C:\laragon\www\pointofsale\public\index.php(37): CodeIgniter\CodeIgniter->run()
#11 {main}
CRITICAL - 2025-08-10 03:56:41 --> Request URI segment is out of range: 2
#0 C:\laragon\www\pointofsale\system\HTTP\URI.php(529): CodeIgniter\HTTP\Exceptions\HTTPException::forURISegmentOutOfRange(2)
#1 C:\laragon\www\pointofsale\app\Views\template.php(9): CodeIgniter\HTTP\URI->getSegment(2)
#2 C:\laragon\www\pointofsale\system\View\View.php(214): include('C:\\laragon\\www\\...')
#3 C:\laragon\www\pointofsale\system\View\View.php(217): CodeIgniter\View\View->CodeIgniter\View\{closure}()
#4 C:\laragon\www\pointofsale\system\View\View.php(230): CodeIgniter\View\View->render('template', Array, true)
#5 C:\laragon\www\pointofsale\system\Common.php(1097): CodeIgniter\View\View->render('antrian', Array, true)
#6 C:\laragon\www\pointofsale\app\Controllers\Antrian.php(26): view('antrian')
#7 C:\laragon\www\pointofsale\system\CodeIgniter.php(824): App\Controllers\Antrian->index()
#8 C:\laragon\www\pointofsale\system\CodeIgniter.php(410): CodeIgniter\CodeIgniter->runController(Object(App\Controllers\Antrian))
#9 C:\laragon\www\pointofsale\system\CodeIgniter.php(318): CodeIgniter\CodeIgniter->handleRequest(NULL, Object(Config\Cache), false)
#10 C:\laragon\www\pointofsale\public\index.php(37): CodeIgniter\CodeIgniter->run()
#11 {main}
CRITICAL - 2025-08-10 03:56:41 --> Request URI segment is out of range: 2
#0 C:\laragon\www\pointofsale\system\HTTP\URI.php(529): CodeIgniter\HTTP\Exceptions\HTTPException::forURISegmentOutOfRange(2)
#1 C:\laragon\www\pointofsale\app\Views\template.php(9): CodeIgniter\HTTP\URI->getSegment(2)
#2 C:\laragon\www\pointofsale\system\View\View.php(214): include('C:\\laragon\\www\\...')
#3 C:\laragon\www\pointofsale\system\View\View.php(217): CodeIgniter\View\View->CodeIgniter\View\{closure}()
#4 C:\laragon\www\pointofsale\system\View\View.php(230): CodeIgniter\View\View->render('template', Array, true)
#5 C:\laragon\www\pointofsale\system\Common.php(1097): CodeIgniter\View\View->render('antrian', Array, true)
#6 C:\laragon\www\pointofsale\app\Controllers\Antrian.php(26): view('antrian')
#7 C:\laragon\www\pointofsale\system\CodeIgniter.php(824): App\Controllers\Antrian->index()
#8 C:\laragon\www\pointofsale\system\CodeIgniter.php(410): CodeIgniter\CodeIgniter->runController(Object(App\Controllers\Antrian))
#9 C:\laragon\www\pointofsale\system\CodeIgniter.php(318): CodeIgniter\CodeIgniter->handleRequest(NULL, Object(Config\Cache), false)
#10 C:\laragon\www\pointofsale\public\index.php(37): CodeIgniter\CodeIgniter->run()
#11 {main}
CRITICAL - 2025-08-10 03:56:41 --> Request URI segment is out of range: 2
#0 C:\laragon\www\pointofsale\system\HTTP\URI.php(529): CodeIgniter\HTTP\Exceptions\HTTPException::forURISegmentOutOfRange(2)
#1 C:\laragon\www\pointofsale\app\Views\template.php(9): CodeIgniter\HTTP\URI->getSegment(2)
#2 C:\laragon\www\pointofsale\system\View\View.php(214): include('C:\\laragon\\www\\...')
#3 C:\laragon\www\pointofsale\system\View\View.php(217): CodeIgniter\View\View->CodeIgniter\View\{closure}()
#4 C:\laragon\www\pointofsale\system\View\View.php(230): CodeIgniter\View\View->render('template', Array, true)
#5 C:\laragon\www\pointofsale\system\Common.php(1097): CodeIgniter\View\View->render('antrian', Array, true)
#6 C:\laragon\www\pointofsale\app\Controllers\Antrian.php(26): view('antrian')
#7 C:\laragon\www\pointofsale\system\CodeIgniter.php(824): App\Controllers\Antrian->index()
#8 C:\laragon\www\pointofsale\system\CodeIgniter.php(410): CodeIgniter\CodeIgniter->runController(Object(App\Controllers\Antrian))
#9 C:\laragon\www\pointofsale\system\CodeIgniter.php(318): CodeIgniter\CodeIgniter->handleRequest(NULL, Object(Config\Cache), false)
#10 C:\laragon\www\pointofsale\public\index.php(37): CodeIgniter\CodeIgniter->run()
#11 {main}
CRITICAL - 2025-08-10 03:56:42 --> Request URI segment is out of range: 2
#0 C:\laragon\www\pointofsale\system\HTTP\URI.php(529): CodeIgniter\HTTP\Exceptions\HTTPException::forURISegmentOutOfRange(2)
#1 C:\laragon\www\pointofsale\app\Views\template.php(9): CodeIgniter\HTTP\URI->getSegment(2)
#2 C:\laragon\www\pointofsale\system\View\View.php(214): include('C:\\laragon\\www\\...')
#3 C:\laragon\www\pointofsale\system\View\View.php(217): CodeIgniter\View\View->CodeIgniter\View\{closure}()
#4 C:\laragon\www\pointofsale\system\View\View.php(230): CodeIgniter\View\View->render('template', Array, true)
#5 C:\laragon\www\pointofsale\system\Common.php(1097): CodeIgniter\View\View->render('antrian', Array, true)
#6 C:\laragon\www\pointofsale\app\Controllers\Antrian.php(26): view('antrian')
#7 C:\laragon\www\pointofsale\system\CodeIgniter.php(824): App\Controllers\Antrian->index()
#8 C:\laragon\www\pointofsale\system\CodeIgniter.php(410): CodeIgniter\CodeIgniter->runController(Object(App\Controllers\Antrian))
#9 C:\laragon\www\pointofsale\system\CodeIgniter.php(318): CodeIgniter\CodeIgniter->handleRequest(NULL, Object(Config\Cache), false)
#10 C:\laragon\www\pointofsale\public\index.php(37): CodeIgniter\CodeIgniter->run()
#11 C:\laragon\www\pointofsale\system\Commands\Server\rewrite.php(43): require_once('C:\\laragon\\www\\...')
#12 {main}
CRITICAL - 2025-08-10 03:56:43 --> Request URI segment is out of range: 2
#0 C:\laragon\www\pointofsale\system\HTTP\URI.php(529): CodeIgniter\HTTP\Exceptions\HTTPException::forURISegmentOutOfRange(2)
#1 C:\laragon\www\pointofsale\app\Views\template.php(9): CodeIgniter\HTTP\URI->getSegment(2)
#2 C:\laragon\www\pointofsale\system\View\View.php(214): include('C:\\laragon\\www\\...')
#3 C:\laragon\www\pointofsale\system\View\View.php(217): CodeIgniter\View\View->CodeIgniter\View\{closure}()
#4 C:\laragon\www\pointofsale\system\View\View.php(230): CodeIgniter\View\View->render('template', Array, true)
#5 C:\laragon\www\pointofsale\system\Common.php(1097): CodeIgniter\View\View->render('antrian', Array, true)
#6 C:\laragon\www\pointofsale\app\Controllers\Antrian.php(26): view('antrian')
#7 C:\laragon\www\pointofsale\system\CodeIgniter.php(824): App\Controllers\Antrian->index()
#8 C:\laragon\www\pointofsale\system\CodeIgniter.php(410): CodeIgniter\CodeIgniter->runController(Object(App\Controllers\Antrian))
#9 C:\laragon\www\pointofsale\system\CodeIgniter.php(318): CodeIgniter\CodeIgniter->handleRequest(NULL, Object(Config\Cache), false)
#10 C:\laragon\www\pointofsale\public\index.php(37): CodeIgniter\CodeIgniter->run()
#11 C:\laragon\www\pointofsale\system\Commands\Server\rewrite.php(43): require_once('C:\\laragon\\www\\...')
#12 {main}
CRITICAL - 2025-08-10 03:56:44 --> Request URI segment is out of range: 2
#0 C:\laragon\www\pointofsale\system\HTTP\URI.php(529): CodeIgniter\HTTP\Exceptions\HTTPException::forURISegmentOutOfRange(2)
#1 C:\laragon\www\pointofsale\app\Views\template.php(9): CodeIgniter\HTTP\URI->getSegment(2)
#2 C:\laragon\www\pointofsale\system\View\View.php(214): include('C:\\laragon\\www\\...')
#3 C:\laragon\www\pointofsale\system\View\View.php(217): CodeIgniter\View\View->CodeIgniter\View\{closure}()
#4 C:\laragon\www\pointofsale\system\View\View.php(230): CodeIgniter\View\View->render('template', Array, true)
#5 C:\laragon\www\pointofsale\system\Common.php(1097): CodeIgniter\View\View->render('antrian', Array, true)
#6 C:\laragon\www\pointofsale\app\Controllers\Antrian.php(26): view('antrian')
#7 C:\laragon\www\pointofsale\system\CodeIgniter.php(824): App\Controllers\Antrian->index()
#8 C:\laragon\www\pointofsale\system\CodeIgniter.php(410): CodeIgniter\CodeIgniter->runController(Object(App\Controllers\Antrian))
#9 C:\laragon\www\pointofsale\system\CodeIgniter.php(318): CodeIgniter\CodeIgniter->handleRequest(NULL, Object(Config\Cache), false)
#10 C:\laragon\www\pointofsale\public\index.php(37): CodeIgniter\CodeIgniter->run()
#11 C:\laragon\www\pointofsale\system\Commands\Server\rewrite.php(43): require_once('C:\\laragon\\www\\...')
#12 {main}
CRITICAL - 2025-08-10 03:56:45 --> Request URI segment is out of range: 2
#0 C:\laragon\www\pointofsale\system\HTTP\URI.php(529): CodeIgniter\HTTP\Exceptions\HTTPException::forURISegmentOutOfRange(2)
#1 C:\laragon\www\pointofsale\app\Views\template.php(9): CodeIgniter\HTTP\URI->getSegment(2)
#2 C:\laragon\www\pointofsale\system\View\View.php(214): include('C:\\laragon\\www\\...')
#3 C:\laragon\www\pointofsale\system\View\View.php(217): CodeIgniter\View\View->CodeIgniter\View\{closure}()
#4 C:\laragon\www\pointofsale\system\View\View.php(230): CodeIgniter\View\View->render('template', Array, true)
#5 C:\laragon\www\pointofsale\system\Common.php(1097): CodeIgniter\View\View->render('antrian', Array, true)
#6 C:\laragon\www\pointofsale\app\Controllers\Antrian.php(26): view('antrian')
#7 C:\laragon\www\pointofsale\system\CodeIgniter.php(824): App\Controllers\Antrian->index()
#8 C:\laragon\www\pointofsale\system\CodeIgniter.php(410): CodeIgniter\CodeIgniter->runController(Object(App\Controllers\Antrian))
#9 C:\laragon\www\pointofsale\system\CodeIgniter.php(318): CodeIgniter\CodeIgniter->handleRequest(NULL, Object(Config\Cache), false)
#10 C:\laragon\www\pointofsale\public\index.php(37): CodeIgniter\CodeIgniter->run()
#11 {main}
CRITICAL - 2025-08-10 03:56:47 --> Request URI segment is out of range: 2
#0 C:\laragon\www\pointofsale\system\HTTP\URI.php(529): CodeIgniter\HTTP\Exceptions\HTTPException::forURISegmentOutOfRange(2)
#1 C:\laragon\www\pointofsale\app\Views\template.php(9): CodeIgniter\HTTP\URI->getSegment(2)
#2 C:\laragon\www\pointofsale\system\View\View.php(214): include('C:\\laragon\\www\\...')
#3 C:\laragon\www\pointofsale\system\View\View.php(217): CodeIgniter\View\View->CodeIgniter\View\{closure}()
#4 C:\laragon\www\pointofsale\system\View\View.php(230): CodeIgniter\View\View->render('template', Array, true)
#5 C:\laragon\www\pointofsale\system\Common.php(1097): CodeIgniter\View\View->render('antrian', Array, true)
#6 C:\laragon\www\pointofsale\app\Controllers\Antrian.php(26): view('antrian')
#7 C:\laragon\www\pointofsale\system\CodeIgniter.php(824): App\Controllers\Antrian->index()
#8 C:\laragon\www\pointofsale\system\CodeIgniter.php(410): CodeIgniter\CodeIgniter->runController(Object(App\Controllers\Antrian))
#9 C:\laragon\www\pointofsale\system\CodeIgniter.php(318): CodeIgniter\CodeIgniter->handleRequest(NULL, Object(Config\Cache), false)
#10 C:\laragon\www\pointofsale\public\index.php(37): CodeIgniter\CodeIgniter->run()
#11 {main}
CRITICAL - 2025-08-10 03:56:47 --> Request URI segment is out of range: 2
#0 C:\laragon\www\pointofsale\system\HTTP\URI.php(529): CodeIgniter\HTTP\Exceptions\HTTPException::forURISegmentOutOfRange(2)
#1 C:\laragon\www\pointofsale\app\Views\template.php(9): CodeIgniter\HTTP\URI->getSegment(2)
#2 C:\laragon\www\pointofsale\system\View\View.php(214): include('C:\\laragon\\www\\...')
#3 C:\laragon\www\pointofsale\system\View\View.php(217): CodeIgniter\View\View->CodeIgniter\View\{closure}()
#4 C:\laragon\www\pointofsale\system\View\View.php(230): CodeIgniter\View\View->render('template', Array, true)
#5 C:\laragon\www\pointofsale\system\Common.php(1097): CodeIgniter\View\View->render('antrian', Array, true)
#6 C:\laragon\www\pointofsale\app\Controllers\Antrian.php(26): view('antrian')
#7 C:\laragon\www\pointofsale\system\CodeIgniter.php(824): App\Controllers\Antrian->index()
#8 C:\laragon\www\pointofsale\system\CodeIgniter.php(410): CodeIgniter\CodeIgniter->runController(Object(App\Controllers\Antrian))
#9 C:\laragon\www\pointofsale\system\CodeIgniter.php(318): CodeIgniter\CodeIgniter->handleRequest(NULL, Object(Config\Cache), false)
#10 C:\laragon\www\pointofsale\public\index.php(37): CodeIgniter\CodeIgniter->run()
#11 {main}
CRITICAL - 2025-08-10 03:56:47 --> Request URI segment is out of range: 2
#0 C:\laragon\www\pointofsale\system\HTTP\URI.php(529): CodeIgniter\HTTP\Exceptions\HTTPException::forURISegmentOutOfRange(2)
#1 C:\laragon\www\pointofsale\app\Views\template.php(9): CodeIgniter\HTTP\URI->getSegment(2)
#2 C:\laragon\www\pointofsale\system\View\View.php(214): include('C:\\laragon\\www\\...')
#3 C:\laragon\www\pointofsale\system\View\View.php(217): CodeIgniter\View\View->CodeIgniter\View\{closure}()
#4 C:\laragon\www\pointofsale\system\View\View.php(230): CodeIgniter\View\View->render('template', Array, true)
#5 C:\laragon\www\pointofsale\system\Common.php(1097): CodeIgniter\View\View->render('antrian', Array, true)
#6 C:\laragon\www\pointofsale\app\Controllers\Antrian.php(26): view('antrian')
#7 C:\laragon\www\pointofsale\system\CodeIgniter.php(824): App\Controllers\Antrian->index()
#8 C:\laragon\www\pointofsale\system\CodeIgniter.php(410): CodeIgniter\CodeIgniter->runController(Object(App\Controllers\Antrian))
#9 C:\laragon\www\pointofsale\system\CodeIgniter.php(318): CodeIgniter\CodeIgniter->handleRequest(NULL, Object(Config\Cache), false)
#10 C:\laragon\www\pointofsale\public\index.php(37): CodeIgniter\CodeIgniter->run()
#11 {main}
CRITICAL - 2025-08-10 03:56:47 --> Request URI segment is out of range: 2
#0 C:\laragon\www\pointofsale\system\HTTP\URI.php(529): CodeIgniter\HTTP\Exceptions\HTTPException::forURISegmentOutOfRange(2)
#1 C:\laragon\www\pointofsale\app\Views\template.php(9): CodeIgniter\HTTP\URI->getSegment(2)
#2 C:\laragon\www\pointofsale\system\View\View.php(214): include('C:\\laragon\\www\\...')
#3 C:\laragon\www\pointofsale\system\View\View.php(217): CodeIgniter\View\View->CodeIgniter\View\{closure}()
#4 C:\laragon\www\pointofsale\system\View\View.php(230): CodeIgniter\View\View->render('template', Array, true)
#5 C:\laragon\www\pointofsale\system\Common.php(1097): CodeIgniter\View\View->render('antrian', Array, true)
#6 C:\laragon\www\pointofsale\app\Controllers\Antrian.php(26): view('antrian')
#7 C:\laragon\www\pointofsale\system\CodeIgniter.php(824): App\Controllers\Antrian->index()
#8 C:\laragon\www\pointofsale\system\CodeIgniter.php(410): CodeIgniter\CodeIgniter->runController(Object(App\Controllers\Antrian))
#9 C:\laragon\www\pointofsale\system\CodeIgniter.php(318): CodeIgniter\CodeIgniter->handleRequest(NULL, Object(Config\Cache), false)
#10 C:\laragon\www\pointofsale\public\index.php(37): CodeIgniter\CodeIgniter->run()
#11 {main}
CRITICAL - 2025-08-10 03:56:47 --> Request URI segment is out of range: 2
#0 C:\laragon\www\pointofsale\system\HTTP\URI.php(529): CodeIgniter\HTTP\Exceptions\HTTPException::forURISegmentOutOfRange(2)
#1 C:\laragon\www\pointofsale\app\Views\template.php(9): CodeIgniter\HTTP\URI->getSegment(2)
#2 C:\laragon\www\pointofsale\system\View\View.php(214): include('C:\\laragon\\www\\...')
#3 C:\laragon\www\pointofsale\system\View\View.php(217): CodeIgniter\View\View->CodeIgniter\View\{closure}()
#4 C:\laragon\www\pointofsale\system\View\View.php(230): CodeIgniter\View\View->render('template', Array, true)
#5 C:\laragon\www\pointofsale\system\Common.php(1097): CodeIgniter\View\View->render('antrian', Array, true)
#6 C:\laragon\www\pointofsale\app\Controllers\Antrian.php(26): view('antrian')
#7 C:\laragon\www\pointofsale\system\CodeIgniter.php(824): App\Controllers\Antrian->index()
#8 C:\laragon\www\pointofsale\system\CodeIgniter.php(410): CodeIgniter\CodeIgniter->runController(Object(App\Controllers\Antrian))
#9 C:\laragon\www\pointofsale\system\CodeIgniter.php(318): CodeIgniter\CodeIgniter->handleRequest(NULL, Object(Config\Cache), false)
#10 C:\laragon\www\pointofsale\public\index.php(37): CodeIgniter\CodeIgniter->run()
#11 {main}
CRITICAL - 2025-08-10 03:56:48 --> Request URI segment is out of range: 2
#0 C:\laragon\www\pointofsale\system\HTTP\URI.php(529): CodeIgniter\HTTP\Exceptions\HTTPException::forURISegmentOutOfRange(2)
#1 C:\laragon\www\pointofsale\app\Views\template.php(9): CodeIgniter\HTTP\URI->getSegment(2)
#2 C:\laragon\www\pointofsale\system\View\View.php(214): include('C:\\laragon\\www\\...')
#3 C:\laragon\www\pointofsale\system\View\View.php(217): CodeIgniter\View\View->CodeIgniter\View\{closure}()
#4 C:\laragon\www\pointofsale\system\View\View.php(230): CodeIgniter\View\View->render('template', Array, true)
#5 C:\laragon\www\pointofsale\system\Common.php(1097): CodeIgniter\View\View->render('antrian', Array, true)
#6 C:\laragon\www\pointofsale\app\Controllers\Antrian.php(26): view('antrian')
#7 C:\laragon\www\pointofsale\system\CodeIgniter.php(824): App\Controllers\Antrian->index()
#8 C:\laragon\www\pointofsale\system\CodeIgniter.php(410): CodeIgniter\CodeIgniter->runController(Object(App\Controllers\Antrian))
#9 C:\laragon\www\pointofsale\system\CodeIgniter.php(318): CodeIgniter\CodeIgniter->handleRequest(NULL, Object(Config\Cache), false)
#10 C:\laragon\www\pointofsale\public\index.php(37): CodeIgniter\CodeIgniter->run()
#11 {main}
CRITICAL - 2025-08-10 03:56:48 --> Request URI segment is out of range: 2
#0 C:\laragon\www\pointofsale\system\HTTP\URI.php(529): CodeIgniter\HTTP\Exceptions\HTTPException::forURISegmentOutOfRange(2)
#1 C:\laragon\www\pointofsale\app\Views\template.php(9): CodeIgniter\HTTP\URI->getSegment(2)
#2 C:\laragon\www\pointofsale\system\View\View.php(214): include('C:\\laragon\\www\\...')
#3 C:\laragon\www\pointofsale\system\View\View.php(217): CodeIgniter\View\View->CodeIgniter\View\{closure}()
#4 C:\laragon\www\pointofsale\system\View\View.php(230): CodeIgniter\View\View->render('template', Array, true)
#5 C:\laragon\www\pointofsale\system\Common.php(1097): CodeIgniter\View\View->render('antrian', Array, true)
#6 C:\laragon\www\pointofsale\app\Controllers\Antrian.php(26): view('antrian')
#7 C:\laragon\www\pointofsale\system\CodeIgniter.php(824): App\Controllers\Antrian->index()
#8 C:\laragon\www\pointofsale\system\CodeIgniter.php(410): CodeIgniter\CodeIgniter->runController(Object(App\Controllers\Antrian))
#9 C:\laragon\www\pointofsale\system\CodeIgniter.php(318): CodeIgniter\CodeIgniter->handleRequest(NULL, Object(Config\Cache), false)
#10 C:\laragon\www\pointofsale\public\index.php(37): CodeIgniter\CodeIgniter->run()
#11 {main}
CRITICAL - 2025-08-10 03:56:48 --> Request URI segment is out of range: 2
#0 C:\laragon\www\pointofsale\system\HTTP\URI.php(529): CodeIgniter\HTTP\Exceptions\HTTPException::forURISegmentOutOfRange(2)
#1 C:\laragon\www\pointofsale\app\Views\template.php(9): CodeIgniter\HTTP\URI->getSegment(2)
#2 C:\laragon\www\pointofsale\system\View\View.php(214): include('C:\\laragon\\www\\...')
#3 C:\laragon\www\pointofsale\system\View\View.php(217): CodeIgniter\View\View->CodeIgniter\View\{closure}()
#4 C:\laragon\www\pointofsale\system\View\View.php(230): CodeIgniter\View\View->render('template', Array, true)
#5 C:\laragon\www\pointofsale\system\Common.php(1097): CodeIgniter\View\View->render('antrian', Array, true)
#6 C:\laragon\www\pointofsale\app\Controllers\Antrian.php(26): view('antrian')
#7 C:\laragon\www\pointofsale\system\CodeIgniter.php(824): App\Controllers\Antrian->index()
#8 C:\laragon\www\pointofsale\system\CodeIgniter.php(410): CodeIgniter\CodeIgniter->runController(Object(App\Controllers\Antrian))
#9 C:\laragon\www\pointofsale\system\CodeIgniter.php(318): CodeIgniter\CodeIgniter->handleRequest(NULL, Object(Config\Cache), false)
#10 C:\laragon\www\pointofsale\public\index.php(37): CodeIgniter\CodeIgniter->run()
#11 {main}
CRITICAL - 2025-08-10 03:56:48 --> Request URI segment is out of range: 2
#0 C:\laragon\www\pointofsale\system\HTTP\URI.php(529): CodeIgniter\HTTP\Exceptions\HTTPException::forURISegmentOutOfRange(2)
#1 C:\laragon\www\pointofsale\app\Views\template.php(9): CodeIgniter\HTTP\URI->getSegment(2)
#2 C:\laragon\www\pointofsale\system\View\View.php(214): include('C:\\laragon\\www\\...')
#3 C:\laragon\www\pointofsale\system\View\View.php(217): CodeIgniter\View\View->CodeIgniter\View\{closure}()
#4 C:\laragon\www\pointofsale\system\View\View.php(230): CodeIgniter\View\View->render('template', Array, true)
#5 C:\laragon\www\pointofsale\system\Common.php(1097): CodeIgniter\View\View->render('antrian', Array, true)
#6 C:\laragon\www\pointofsale\app\Controllers\Antrian.php(26): view('antrian')
#7 C:\laragon\www\pointofsale\system\CodeIgniter.php(824): App\Controllers\Antrian->index()
#8 C:\laragon\www\pointofsale\system\CodeIgniter.php(410): CodeIgniter\CodeIgniter->runController(Object(App\Controllers\Antrian))
#9 C:\laragon\www\pointofsale\system\CodeIgniter.php(318): CodeIgniter\CodeIgniter->handleRequest(NULL, Object(Config\Cache), false)
#10 C:\laragon\www\pointofsale\public\index.php(37): CodeIgniter\CodeIgniter->run()
#11 {main}
CRITICAL - 2025-08-10 03:56:48 --> Request URI segment is out of range: 2
#0 C:\laragon\www\pointofsale\system\HTTP\URI.php(529): CodeIgniter\HTTP\Exceptions\HTTPException::forURISegmentOutOfRange(2)
#1 C:\laragon\www\pointofsale\app\Views\template.php(9): CodeIgniter\HTTP\URI->getSegment(2)
#2 C:\laragon\www\pointofsale\system\View\View.php(214): include('C:\\laragon\\www\\...')
#3 C:\laragon\www\pointofsale\system\View\View.php(217): CodeIgniter\View\View->CodeIgniter\View\{closure}()
#4 C:\laragon\www\pointofsale\system\View\View.php(230): CodeIgniter\View\View->render('template', Array, true)
#5 C:\laragon\www\pointofsale\system\Common.php(1097): CodeIgniter\View\View->render('antrian', Array, true)
#6 C:\laragon\www\pointofsale\app\Controllers\Antrian.php(26): view('antrian')
#7 C:\laragon\www\pointofsale\system\CodeIgniter.php(824): App\Controllers\Antrian->index()
#8 C:\laragon\www\pointofsale\system\CodeIgniter.php(410): CodeIgniter\CodeIgniter->runController(Object(App\Controllers\Antrian))
#9 C:\laragon\www\pointofsale\system\CodeIgniter.php(318): CodeIgniter\CodeIgniter->handleRequest(NULL, Object(Config\Cache), false)
#10 C:\laragon\www\pointofsale\public\index.php(37): CodeIgniter\CodeIgniter->run()
#11 {main}
CRITICAL - 2025-08-10 03:56:48 --> Request URI segment is out of range: 2
#0 C:\laragon\www\pointofsale\system\HTTP\URI.php(529): CodeIgniter\HTTP\Exceptions\HTTPException::forURISegmentOutOfRange(2)
#1 C:\laragon\www\pointofsale\app\Views\template.php(9): CodeIgniter\HTTP\URI->getSegment(2)
#2 C:\laragon\www\pointofsale\system\View\View.php(214): include('C:\\laragon\\www\\...')
#3 C:\laragon\www\pointofsale\system\View\View.php(217): CodeIgniter\View\View->CodeIgniter\View\{closure}()
#4 C:\laragon\www\pointofsale\system\View\View.php(230): CodeIgniter\View\View->render('template', Array, true)
#5 C:\laragon\www\pointofsale\system\Common.php(1097): CodeIgniter\View\View->render('antrian', Array, true)
#6 C:\laragon\www\pointofsale\app\Controllers\Antrian.php(26): view('antrian')
#7 C:\laragon\www\pointofsale\system\CodeIgniter.php(824): App\Controllers\Antrian->index()
#8 C:\laragon\www\pointofsale\system\CodeIgniter.php(410): CodeIgniter\CodeIgniter->runController(Object(App\Controllers\Antrian))
#9 C:\laragon\www\pointofsale\system\CodeIgniter.php(318): CodeIgniter\CodeIgniter->handleRequest(NULL, Object(Config\Cache), false)
#10 C:\laragon\www\pointofsale\public\index.php(37): CodeIgniter\CodeIgniter->run()
#11 {main}
CRITICAL - 2025-08-10 04:03:23 --> Request URI segment is out of range: 2
#0 C:\laragon\www\pointofsale\system\HTTP\URI.php(529): CodeIgniter\HTTP\Exceptions\HTTPException::forURISegmentOutOfRange(2)
#1 C:\laragon\www\pointofsale\app\Views\template.php(9): CodeIgniter\HTTP\URI->getSegment(2)
#2 C:\laragon\www\pointofsale\system\View\View.php(214): include('C:\\laragon\\www\\...')
#3 C:\laragon\www\pointofsale\system\View\View.php(217): CodeIgniter\View\View->CodeIgniter\View\{closure}()
#4 C:\laragon\www\pointofsale\system\View\View.php(230): CodeIgniter\View\View->render('template', Array, true)
#5 C:\laragon\www\pointofsale\system\Common.php(1097): CodeIgniter\View\View->render('antrian', Array, true)
#6 C:\laragon\www\pointofsale\app\Controllers\Antrian.php(27): view('antrian')
#7 C:\laragon\www\pointofsale\system\CodeIgniter.php(824): App\Controllers\Antrian->index()
#8 C:\laragon\www\pointofsale\system\CodeIgniter.php(410): CodeIgniter\CodeIgniter->runController(Object(App\Controllers\Antrian))
#9 C:\laragon\www\pointofsale\system\CodeIgniter.php(318): CodeIgniter\CodeIgniter->handleRequest(NULL, Object(Config\Cache), false)
#10 C:\laragon\www\pointofsale\public\index.php(37): CodeIgniter\CodeIgniter->run()
#11 C:\laragon\www\pointofsale\system\Commands\Server\rewrite.php(43): require_once('C:\\laragon\\www\\...')
#12 {main}
CRITICAL - 2025-08-10 04:04:23 --> Request URI segment is out of range: 2
#0 C:\laragon\www\pointofsale\system\HTTP\URI.php(529): CodeIgniter\HTTP\Exceptions\HTTPException::forURISegmentOutOfRange(2)
#1 C:\laragon\www\pointofsale\app\Views\template.php(9): CodeIgniter\HTTP\URI->getSegment(2)
#2 C:\laragon\www\pointofsale\system\View\View.php(214): include('C:\\laragon\\www\\...')
#3 C:\laragon\www\pointofsale\system\View\View.php(217): CodeIgniter\View\View->CodeIgniter\View\{closure}()
#4 C:\laragon\www\pointofsale\system\View\View.php(230): CodeIgniter\View\View->render('template', Array, true)
#5 C:\laragon\www\pointofsale\system\Common.php(1097): CodeIgniter\View\View->render('antrian', Array, true)
#6 C:\laragon\www\pointofsale\app\Controllers\Antrian.php(27): view('antrian')
#7 C:\laragon\www\pointofsale\system\CodeIgniter.php(824): App\Controllers\Antrian->index()
#8 C:\laragon\www\pointofsale\system\CodeIgniter.php(410): CodeIgniter\CodeIgniter->runController(Object(App\Controllers\Antrian))
#9 C:\laragon\www\pointofsale\system\CodeIgniter.php(318): CodeIgniter\CodeIgniter->handleRequest(NULL, Object(Config\Cache), false)
#10 C:\laragon\www\pointofsale\public\index.php(37): CodeIgniter\CodeIgniter->run()
#11 C:\laragon\www\pointofsale\system\Commands\Server\rewrite.php(43): require_once('C:\\laragon\\www\\...')
#12 {main}
CRITICAL - 2025-08-10 04:05:21 --> Request URI segment is out of range: 2
#0 C:\laragon\www\pointofsale\system\HTTP\URI.php(529): CodeIgniter\HTTP\Exceptions\HTTPException::forURISegmentOutOfRange(2)
#1 C:\laragon\www\pointofsale\app\Views\template.php(9): CodeIgniter\HTTP\URI->getSegment(2)
#2 C:\laragon\www\pointofsale\system\View\View.php(214): include('C:\\laragon\\www\\...')
#3 C:\laragon\www\pointofsale\system\View\View.php(217): CodeIgniter\View\View->CodeIgniter\View\{closure}()
#4 C:\laragon\www\pointofsale\system\View\View.php(230): CodeIgniter\View\View->render('template', Array, true)
#5 C:\laragon\www\pointofsale\system\Common.php(1097): CodeIgniter\View\View->render('antrian', Array, true)
#6 C:\laragon\www\pointofsale\app\Controllers\Antrian.php(27): view('antrian')
#7 C:\laragon\www\pointofsale\system\CodeIgniter.php(824): App\Controllers\Antrian->index()
#8 C:\laragon\www\pointofsale\system\CodeIgniter.php(410): CodeIgniter\CodeIgniter->runController(Object(App\Controllers\Antrian))
#9 C:\laragon\www\pointofsale\system\CodeIgniter.php(318): CodeIgniter\CodeIgniter->handleRequest(NULL, Object(Config\Cache), false)
#10 C:\laragon\www\pointofsale\public\index.php(37): CodeIgniter\CodeIgniter->run()
#11 C:\laragon\www\pointofsale\system\Commands\Server\rewrite.php(43): require_once('C:\\laragon\\www\\...')
#12 {main}
CRITICAL - 2025-08-10 04:06:16 --> Request URI segment is out of range: 2
#0 C:\laragon\www\pointofsale\system\HTTP\URI.php(529): CodeIgniter\HTTP\Exceptions\HTTPException::forURISegmentOutOfRange(2)
#1 C:\laragon\www\pointofsale\app\Views\template.php(9): CodeIgniter\HTTP\URI->getSegment(2)
#2 C:\laragon\www\pointofsale\system\View\View.php(214): include('C:\\laragon\\www\\...')
#3 C:\laragon\www\pointofsale\system\View\View.php(217): CodeIgniter\View\View->CodeIgniter\View\{closure}()
#4 C:\laragon\www\pointofsale\system\View\View.php(230): CodeIgniter\View\View->render('template', Array, true)
#5 C:\laragon\www\pointofsale\system\Common.php(1097): CodeIgniter\View\View->render('antrian', Array, true)
#6 C:\laragon\www\pointofsale\app\Controllers\Antrian.php(27): view('antrian')
#7 C:\laragon\www\pointofsale\system\CodeIgniter.php(824): App\Controllers\Antrian->index()
#8 C:\laragon\www\pointofsale\system\CodeIgniter.php(410): CodeIgniter\CodeIgniter->runController(Object(App\Controllers\Antrian))
#9 C:\laragon\www\pointofsale\system\CodeIgniter.php(318): CodeIgniter\CodeIgniter->handleRequest(NULL, Object(Config\Cache), false)
#10 C:\laragon\www\pointofsale\public\index.php(37): CodeIgniter\CodeIgniter->run()
#11 C:\laragon\www\pointofsale\system\Commands\Server\rewrite.php(43): require_once('C:\\laragon\\www\\...')
#12 {main}
CRITICAL - 2025-08-10 04:07:07 --> Request URI segment is out of range: 2
#0 C:\laragon\www\pointofsale\system\HTTP\URI.php(529): CodeIgniter\HTTP\Exceptions\HTTPException::forURISegmentOutOfRange(2)
#1 C:\laragon\www\pointofsale\app\Views\template.php(9): CodeIgniter\HTTP\URI->getSegment(2)
#2 C:\laragon\www\pointofsale\system\View\View.php(214): include('C:\\laragon\\www\\...')
#3 C:\laragon\www\pointofsale\system\View\View.php(217): CodeIgniter\View\View->CodeIgniter\View\{closure}()
#4 C:\laragon\www\pointofsale\system\View\View.php(230): CodeIgniter\View\View->render('template', Array, true)
#5 C:\laragon\www\pointofsale\system\Common.php(1097): CodeIgniter\View\View->render('antrian', Array, true)
#6 C:\laragon\www\pointofsale\app\Controllers\Antrian.php(28): view('antrian', Array)
#7 C:\laragon\www\pointofsale\system\CodeIgniter.php(824): App\Controllers\Antrian->index()
#8 C:\laragon\www\pointofsale\system\CodeIgniter.php(410): CodeIgniter\CodeIgniter->runController(Object(App\Controllers\Antrian))
#9 C:\laragon\www\pointofsale\system\CodeIgniter.php(318): CodeIgniter\CodeIgniter->handleRequest(NULL, Object(Config\Cache), false)
#10 C:\laragon\www\pointofsale\public\index.php(37): CodeIgniter\CodeIgniter->run()
#11 C:\laragon\www\pointofsale\system\Commands\Server\rewrite.php(43): require_once('C:\\laragon\\www\\...')
#12 {main}
CRITICAL - 2025-08-10 04:08:10 --> Request URI segment is out of range: 2
#0 C:\laragon\www\pointofsale\system\HTTP\URI.php(529): CodeIgniter\HTTP\Exceptions\HTTPException::forURISegmentOutOfRange(2)
#1 C:\laragon\www\pointofsale\app\Views\template.php(9): CodeIgniter\HTTP\URI->getSegment(2)
#2 C:\laragon\www\pointofsale\system\View\View.php(214): include('C:\\laragon\\www\\...')
#3 C:\laragon\www\pointofsale\system\View\View.php(217): CodeIgniter\View\View->CodeIgniter\View\{closure}()
#4 C:\laragon\www\pointofsale\system\View\View.php(230): CodeIgniter\View\View->render('template', Array, true)
#5 C:\laragon\www\pointofsale\system\Common.php(1097): CodeIgniter\View\View->render('antrian', Array, true)
#6 C:\laragon\www\pointofsale\app\Controllers\Antrian.php(28): view('antrian', Array)
#7 C:\laragon\www\pointofsale\system\CodeIgniter.php(824): App\Controllers\Antrian->index()
#8 C:\laragon\www\pointofsale\system\CodeIgniter.php(410): CodeIgniter\CodeIgniter->runController(Object(App\Controllers\Antrian))
#9 C:\laragon\www\pointofsale\system\CodeIgniter.php(318): CodeIgniter\CodeIgniter->handleRequest(NULL, Object(Config\Cache), false)
#10 C:\laragon\www\pointofsale\public\index.php(37): CodeIgniter\CodeIgniter->run()
#11 C:\laragon\www\pointofsale\system\Commands\Server\rewrite.php(43): require_once('C:\\laragon\\www\\...')
#12 {main}
CRITICAL - 2025-08-10 04:08:28 --> Request URI segment is out of range: 2
#0 C:\laragon\www\pointofsale\system\HTTP\URI.php(529): CodeIgniter\HTTP\Exceptions\HTTPException::forURISegmentOutOfRange(2)
#1 C:\laragon\www\pointofsale\app\Views\template.php(81): CodeIgniter\HTTP\URI->getSegment(2)
#2 C:\laragon\www\pointofsale\system\View\View.php(214): include('C:\\laragon\\www\\...')
#3 C:\laragon\www\pointofsale\system\View\View.php(217): CodeIgniter\View\View->CodeIgniter\View\{closure}()
#4 C:\laragon\www\pointofsale\system\View\View.php(230): CodeIgniter\View\View->render('template', Array, true)
#5 C:\laragon\www\pointofsale\system\Common.php(1097): CodeIgniter\View\View->render('antrian', Array, true)
#6 C:\laragon\www\pointofsale\app\Controllers\Antrian.php(28): view('antrian', Array)
#7 C:\laragon\www\pointofsale\system\CodeIgniter.php(824): App\Controllers\Antrian->index()
#8 C:\laragon\www\pointofsale\system\CodeIgniter.php(410): CodeIgniter\CodeIgniter->runController(Object(App\Controllers\Antrian))
#9 C:\laragon\www\pointofsale\system\CodeIgniter.php(318): CodeIgniter\CodeIgniter->handleRequest(NULL, Object(Config\Cache), false)
#10 C:\laragon\www\pointofsale\public\index.php(37): CodeIgniter\CodeIgniter->run()
#11 C:\laragon\www\pointofsale\system\Commands\Server\rewrite.php(43): require_once('C:\\laragon\\www\\...')
#12 {main}
ERROR - 2025-08-10 11:42:33 --> Failed to create Snap Token: Midtrans API is returning API error. HTTP status code: 400 API response: {"error_messages":["item_details Name is required","item_details Price is required","item_details Price is not a number","item_details Quantity is required","item_details Quantity is not a number","transaction_details.gross_amount must be greater than or equal to 0.01","transaction_details.gross_amount is not equal to the sum of item_details"]}
ERROR - 2025-08-10 11:42:33 --> Exception trace: #0 C:\laragon\www\pointofsale\vendor\midtrans\midtrans-php\Midtrans\ApiRequestor.php(39): Midtrans\ApiRequestor::remoteCall('https://app.san...', 'Mid-server-nPlV...', Array, 'POST')
#1 C:\laragon\www\pointofsale\vendor\midtrans\midtrans-php\Midtrans\Snap.php(109): Midtrans\ApiRequestor::post('https://app.san...', 'Mid-server-nPlV...', Array)
#2 C:\laragon\www\pointofsale\vendor\midtrans\midtrans-php\Midtrans\Snap.php(36): Midtrans\Snap::createTransaction(Array)
#3 C:\laragon\www\pointofsale\app\Controllers\Payment.php(95): Midtrans\Snap::getSnapToken(Array)
#4 C:\laragon\www\pointofsale\system\CodeIgniter.php(824): App\Controllers\Payment->createSnapToken()
#5 C:\laragon\www\pointofsale\system\CodeIgniter.php(410): CodeIgniter\CodeIgniter->runController(Object(App\Controllers\Payment))
#6 C:\laragon\www\pointofsale\system\CodeIgniter.php(318): CodeIgniter\CodeIgniter->handleRequest(NULL, Object(Config\Cache), false)
#7 C:\laragon\www\pointofsale\public\index.php(37): CodeIgniter\CodeIgniter->run()
#8 C:\laragon\www\pointofsale\system\Commands\Server\rewrite.php(43): require_once('C:\\laragon\\www\\...')
#9 {main}
ERROR - 2025-08-10 11:42:49 --> Failed to create Snap Token: Midtrans API is returning API error. HTTP status code: 400 API response: {"error_messages":["item_details Name is required","item_details Price is required","item_details Price is not a number","item_details Quantity is required","item_details Quantity is not a number","transaction_details.gross_amount must be greater than or equal to 0.01","transaction_details.gross_amount is not equal to the sum of item_details"]}
ERROR - 2025-08-10 11:42:49 --> Exception trace: #0 C:\laragon\www\pointofsale\vendor\midtrans\midtrans-php\Midtrans\ApiRequestor.php(39): Midtrans\ApiRequestor::remoteCall('https://app.san...', 'Mid-server-nPlV...', Array, 'POST')
#1 C:\laragon\www\pointofsale\vendor\midtrans\midtrans-php\Midtrans\Snap.php(109): Midtrans\ApiRequestor::post('https://app.san...', 'Mid-server-nPlV...', Array)
#2 C:\laragon\www\pointofsale\vendor\midtrans\midtrans-php\Midtrans\Snap.php(36): Midtrans\Snap::createTransaction(Array)
#3 C:\laragon\www\pointofsale\app\Controllers\Payment.php(95): Midtrans\Snap::getSnapToken(Array)
#4 C:\laragon\www\pointofsale\system\CodeIgniter.php(824): App\Controllers\Payment->createSnapToken()
#5 C:\laragon\www\pointofsale\system\CodeIgniter.php(410): CodeIgniter\CodeIgniter->runController(Object(App\Controllers\Payment))
#6 C:\laragon\www\pointofsale\system\CodeIgniter.php(318): CodeIgniter\CodeIgniter->handleRequest(NULL, Object(Config\Cache), false)
#7 C:\laragon\www\pointofsale\public\index.php(37): CodeIgniter\CodeIgniter->run()
#8 C:\laragon\www\pointofsale\system\Commands\Server\rewrite.php(43): require_once('C:\\laragon\\www\\...')
#9 {main}
ERROR - 2025-08-10 11:48:57 --> Barcode not found or inactive: MEJA01_688104f0555ad
ERROR - 2025-08-10 11:52:08 --> Barcode not found or inactive: MEJA01_688104f0555ad
ERROR - 2025-08-10 11:55:07 --> Barcode not found or inactive: MEJA01_688104f0555ad
ERROR - 2025-08-10 11:56:13 --> Failed to create Snap Token: Midtrans API is returning API error. HTTP status code: 401 API response: {"error_messages":["Access denied due to unauthorized transaction, please check client or server key","Visit https://docs.midtrans.com/reference/backend-integration for more details"]}
ERROR - 2025-08-10 11:56:13 --> Exception trace: #0 C:\laragon\www\pointofsale\vendor\midtrans\midtrans-php\Midtrans\ApiRequestor.php(39): Midtrans\ApiRequestor::remoteCall('https://app.san...', 'SB-Mid-server-G...', Array, 'POST')
#1 C:\laragon\www\pointofsale\vendor\midtrans\midtrans-php\Midtrans\Snap.php(109): Midtrans\ApiRequestor::post('https://app.san...', 'SB-Mid-server-G...', Array)
#2 C:\laragon\www\pointofsale\vendor\midtrans\midtrans-php\Midtrans\Snap.php(36): Midtrans\Snap::createTransaction(Array)
#3 C:\laragon\www\pointofsale\app\Controllers\Payment.php(110): Midtrans\Snap::getSnapToken(Array)
#4 C:\laragon\www\pointofsale\system\CodeIgniter.php(824): App\Controllers\Payment->createSnapToken()
#5 C:\laragon\www\pointofsale\system\CodeIgniter.php(410): CodeIgniter\CodeIgniter->runController(Object(App\Controllers\Payment))
#6 C:\laragon\www\pointofsale\system\CodeIgniter.php(318): CodeIgniter\CodeIgniter->handleRequest(NULL, Object(Config\Cache), false)
#7 C:\laragon\www\pointofsale\public\index.php(37): CodeIgniter\CodeIgniter->run()
#8 C:\laragon\www\pointofsale\system\Commands\Server\rewrite.php(43): require_once('C:\\laragon\\www\\...')
#9 {main}
ERROR - 2025-08-10 12:01:41 --> Barcode not found or inactive: MEJA01_688104f0555ad
ERROR - 2025-08-10 12:04:56 --> Barcode not found or inactive: MEJA01_688005c455d9
ERROR - 2025-08-10 12:09:29 --> Barcode not found or inactive: MEJA01_688005c455d9
