ERROR - 2025-08-11 22:07:48 --> Error connecting to the database: No connection could be made because the target machine actively refused it.

CRITICAL - 2025-08-11 22:07:48 --> Unable to connect to the database.
Main connection [MySQLi]: No connection could be made because the target machine actively refused it.

#0 C:\laragon\www\pointofsale\system\Database\BaseConnection.php(577): CodeIgniter\Database\BaseConnection->initialize()
#1 C:\laragon\www\pointofsale\system\Database\BaseBuilder.php(1443): CodeIgniter\Database\BaseConnection->query('SELECT *\nFROM `...', Array, false)
#2 C:\laragon\www\pointofsale\system\Model.php(183): CodeIgniter\Database\BaseBuilder->get()
#3 C:\laragon\www\pointofsale\system\BaseModel.php(584): CodeIgniter\Model->doFindAll(0, 0)
#4 C:\laragon\www\pointofsale\app\Controllers\Dashboard.php(30): CodeIgniter\BaseModel->findAll()
#5 C:\laragon\www\pointofsale\system\CodeIgniter.php(824): App\Controllers\Dashboard->index()
#6 C:\laragon\www\pointofsale\system\CodeIgniter.php(410): CodeIgniter\CodeIgniter->runController(Object(App\Controllers\Dashboard))
#7 C:\laragon\www\pointofsale\system\CodeIgniter.php(318): CodeIgniter\CodeIgniter->handleRequest(NULL, Object(Config\Cache), false)
#8 C:\laragon\www\pointofsale\public\index.php(37): CodeIgniter\CodeIgniter->run()
#9 C:\laragon\www\pointofsale\system\Commands\Server\rewrite.php(43): require_once('C:\\laragon\\www\\...')
#10 {main}
ERROR - 2025-08-11 22:08:04 --> Error connecting to the database: No connection could be made because the target machine actively refused it.

CRITICAL - 2025-08-11 22:08:04 --> Unable to connect to the database.
Main connection [MySQLi]: No connection could be made because the target machine actively refused it.

#0 C:\laragon\www\pointofsale\system\Database\BaseConnection.php(577): CodeIgniter\Database\BaseConnection->initialize()
#1 C:\laragon\www\pointofsale\system\Database\BaseBuilder.php(1443): CodeIgniter\Database\BaseConnection->query('SELECT *\nFROM `...', Array, false)
#2 C:\laragon\www\pointofsale\system\Model.php(183): CodeIgniter\Database\BaseBuilder->get()
#3 C:\laragon\www\pointofsale\system\BaseModel.php(584): CodeIgniter\Model->doFindAll(0, 0)
#4 C:\laragon\www\pointofsale\app\Controllers\Dashboard.php(30): CodeIgniter\BaseModel->findAll()
#5 C:\laragon\www\pointofsale\system\CodeIgniter.php(824): App\Controllers\Dashboard->index()
#6 C:\laragon\www\pointofsale\system\CodeIgniter.php(410): CodeIgniter\CodeIgniter->runController(Object(App\Controllers\Dashboard))
#7 C:\laragon\www\pointofsale\system\CodeIgniter.php(318): CodeIgniter\CodeIgniter->handleRequest(NULL, Object(Config\Cache), false)
#8 C:\laragon\www\pointofsale\public\index.php(37): CodeIgniter\CodeIgniter->run()
#9 C:\laragon\www\pointofsale\system\Commands\Server\rewrite.php(43): require_once('C:\\laragon\\www\\...')
#10 {main}
ERROR - 2025-08-11 22:08:33 --> Error connecting to the database: No connection could be made because the target machine actively refused it.

CRITICAL - 2025-08-11 22:08:33 --> Unable to connect to the database.
Main connection [MySQLi]: No connection could be made because the target machine actively refused it.

#0 C:\laragon\www\pointofsale\system\Database\BaseConnection.php(577): CodeIgniter\Database\BaseConnection->initialize()
#1 C:\laragon\www\pointofsale\system\Database\BaseBuilder.php(1443): CodeIgniter\Database\BaseConnection->query('SELECT *\nFROM `...', Array, false)
#2 C:\laragon\www\pointofsale\system\Model.php(183): CodeIgniter\Database\BaseBuilder->get()
#3 C:\laragon\www\pointofsale\system\BaseModel.php(584): CodeIgniter\Model->doFindAll(0, 0)
#4 C:\laragon\www\pointofsale\app\Controllers\Dashboard.php(30): CodeIgniter\BaseModel->findAll()
#5 C:\laragon\www\pointofsale\system\CodeIgniter.php(824): App\Controllers\Dashboard->index()
#6 C:\laragon\www\pointofsale\system\CodeIgniter.php(410): CodeIgniter\CodeIgniter->runController(Object(App\Controllers\Dashboard))
#7 C:\laragon\www\pointofsale\system\CodeIgniter.php(318): CodeIgniter\CodeIgniter->handleRequest(NULL, Object(Config\Cache), false)
#8 C:\laragon\www\pointofsale\public\index.php(37): CodeIgniter\CodeIgniter->run()
#9 C:\laragon\www\pointofsale\system\Commands\Server\rewrite.php(43): require_once('C:\\laragon\\www\\...')
#10 {main}
