CRITICAL - 2025-08-09 00:38:14 --> file_get_contents(): read of 8192 bytes failed with errno=13 Permission denied
#0 [internal function]: CodeIgniter\Debug\Exceptions->errorHandler(8, 'file_get_conten...', 'C:\\laragon\\www\\...', 80, Array)
#1 C:\laragon\www\pointofsale\system\Debug\Toolbar\Collectors\History.php(80): file_get_contents('C:\\laragon\\www\\...')
#2 C:\laragon\www\pointofsale\system\Debug\Toolbar.php(483): CodeIgniter\Debug\Toolbar\Collectors\History->setFiles(1754717893, 20)
#3 C:\laragon\www\pointofsale\system\Debug\Toolbar.php(460): CodeIgniter\Debug\Toolbar->format(Array, 'html')
#4 C:\laragon\www\pointofsale\app\Config\Events.php(48): CodeIgniter\Debug\Toolbar->respond()
#5 C:\laragon\www\pointofsale\system\Events\Events.php(149): CodeIgniter\Events\Events::Config\{closure}()
#6 C:\laragon\www\pointofsale\system\CodeIgniter.php(300): CodeIgniter\Events\Events::trigger('pre_system')
#7 C:\laragon\www\pointofsale\index.php(37): CodeIgniter\CodeIgniter->run()
#8 {main}
CRITICAL - 2025-08-09 00:38:39 --> Undefined variable: totalTime
#0 C:\laragon\www\pointofsale\system\Debug\Toolbar\Views\toolbar.tpl.php(40): CodeIgniter\Debug\Exceptions->errorHandler(8, 'Undefined varia...', 'C:\\laragon\\www\\...', 40, Array)
#1 C:\laragon\www\pointofsale\system\Debug\Toolbar.php(497): include('C:\\laragon\\www\\...')
#2 C:\laragon\www\pointofsale\system\Debug\Toolbar.php(460): CodeIgniter\Debug\Toolbar->format(Array, 'html')
#3 C:\laragon\www\pointofsale\app\Config\Events.php(48): CodeIgniter\Debug\Toolbar->respond()
#4 C:\laragon\www\pointofsale\system\Events\Events.php(149): CodeIgniter\Events\Events::Config\{closure}()
#5 C:\laragon\www\pointofsale\system\CodeIgniter.php(300): CodeIgniter\Events\Events::trigger('pre_system')
#6 C:\laragon\www\pointofsale\index.php(37): CodeIgniter\CodeIgniter->run()
#7 {main}
CRITICAL - 2025-08-09 01:40:31 --> Undefined variable: totalTime
#0 C:\laragon\www\pointofsale\system\Debug\Toolbar\Views\toolbar.tpl.php(40): CodeIgniter\Debug\Exceptions->errorHandler(8, 'Undefined varia...', 'C:\\laragon\\www\\...', 40, Array)
#1 C:\laragon\www\pointofsale\system\Debug\Toolbar.php(497): include('C:\\laragon\\www\\...')
#2 C:\laragon\www\pointofsale\system\Debug\Toolbar.php(460): CodeIgniter\Debug\Toolbar->format(Array, 'html')
#3 C:\laragon\www\pointofsale\app\Config\Events.php(48): CodeIgniter\Debug\Toolbar->respond()
#4 C:\laragon\www\pointofsale\system\Events\Events.php(149): CodeIgniter\Events\Events::Config\{closure}()
#5 C:\laragon\www\pointofsale\system\CodeIgniter.php(300): CodeIgniter\Events\Events::trigger('pre_system')
#6 C:\laragon\www\pointofsale\index.php(37): CodeIgniter\CodeIgniter->run()
#7 {main}
CRITICAL - 2025-08-09 01:50:54 --> Undefined variable: totalTime
#0 C:\laragon\www\pointofsale\system\Debug\Toolbar\Views\toolbar.tpl.php(40): CodeIgniter\Debug\Exceptions->errorHandler(8, 'Undefined varia...', 'C:\\laragon\\www\\...', 40, Array)
#1 C:\laragon\www\pointofsale\system\Debug\Toolbar.php(497): include('C:\\laragon\\www\\...')
#2 C:\laragon\www\pointofsale\system\Debug\Toolbar.php(460): CodeIgniter\Debug\Toolbar->format(Array, 'html')
#3 C:\laragon\www\pointofsale\app\Config\Events.php(48): CodeIgniter\Debug\Toolbar->respond()
#4 C:\laragon\www\pointofsale\system\Events\Events.php(149): CodeIgniter\Events\Events::Config\{closure}()
#5 C:\laragon\www\pointofsale\system\CodeIgniter.php(300): CodeIgniter\Events\Events::trigger('pre_system')
#6 C:\laragon\www\pointofsale\index.php(37): CodeIgniter\CodeIgniter->run()
#7 {main}
CRITICAL - 2025-08-09 01:51:32 --> Undefined variable: totalTime
#0 C:\laragon\www\pointofsale\system\Debug\Toolbar\Views\toolbar.tpl.php(40): CodeIgniter\Debug\Exceptions->errorHandler(8, 'Undefined varia...', 'C:\\laragon\\www\\...', 40, Array)
#1 C:\laragon\www\pointofsale\system\Debug\Toolbar.php(497): include('C:\\laragon\\www\\...')
#2 C:\laragon\www\pointofsale\system\Debug\Toolbar.php(460): CodeIgniter\Debug\Toolbar->format(Array, 'html')
#3 C:\laragon\www\pointofsale\app\Config\Events.php(48): CodeIgniter\Debug\Toolbar->respond()
#4 C:\laragon\www\pointofsale\system\Events\Events.php(149): CodeIgniter\Events\Events::Config\{closure}()
#5 C:\laragon\www\pointofsale\system\CodeIgniter.php(300): CodeIgniter\Events\Events::trigger('pre_system')
#6 C:\laragon\www\pointofsale\index.php(37): CodeIgniter\CodeIgniter->run()
#7 {main}
CRITICAL - 2025-08-09 01:59:55 --> Undefined variable: totalTime
#0 C:\laragon\www\pointofsale\system\Debug\Toolbar\Views\toolbar.tpl.php(40): CodeIgniter\Debug\Exceptions->errorHandler(8, 'Undefined varia...', 'C:\\laragon\\www\\...', 40, Array)
#1 C:\laragon\www\pointofsale\system\Debug\Toolbar.php(497): include('C:\\laragon\\www\\...')
#2 C:\laragon\www\pointofsale\system\Debug\Toolbar.php(460): CodeIgniter\Debug\Toolbar->format(Array, 'html')
#3 C:\laragon\www\pointofsale\app\Config\Events.php(48): CodeIgniter\Debug\Toolbar->respond()
#4 C:\laragon\www\pointofsale\system\Events\Events.php(149): CodeIgniter\Events\Events::Config\{closure}()
#5 C:\laragon\www\pointofsale\system\CodeIgniter.php(300): CodeIgniter\Events\Events::trigger('pre_system')
#6 C:\laragon\www\pointofsale\index.php(37): CodeIgniter\CodeIgniter->run()
#7 {main}
CRITICAL - 2025-08-09 01:59:56 --> Undefined variable: totalTime
#0 C:\laragon\www\pointofsale\system\Debug\Toolbar\Views\toolbar.tpl.php(40): CodeIgniter\Debug\Exceptions->errorHandler(8, 'Undefined varia...', 'C:\\laragon\\www\\...', 40, Array)
#1 C:\laragon\www\pointofsale\system\Debug\Toolbar.php(497): include('C:\\laragon\\www\\...')
#2 C:\laragon\www\pointofsale\system\Debug\Toolbar.php(460): CodeIgniter\Debug\Toolbar->format(Array, 'html')
#3 C:\laragon\www\pointofsale\app\Config\Events.php(48): CodeIgniter\Debug\Toolbar->respond()
#4 C:\laragon\www\pointofsale\system\Events\Events.php(149): CodeIgniter\Events\Events::Config\{closure}()
#5 C:\laragon\www\pointofsale\system\CodeIgniter.php(300): CodeIgniter\Events\Events::trigger('pre_system')
#6 C:\laragon\www\pointofsale\index.php(37): CodeIgniter\CodeIgniter->run()
#7 {main}
