ERROR - 2025-08-08 02:13:24 --> Barcode not found or inactive: MEJA01_688045-455449
ERROR - 2025-08-08 02:18:13 --> Barcode not found or inactive: MEJA01_688045-455449
ERROR - 2025-08-08 02:22:51 --> Barcode not found or inactive: MEJA01_688045-455449
ERROR - 2025-08-08 02:25:06 --> Barcode not found or inactive: MEJA01_688045-455449
ERROR - 2025-08-08 02:27:32 --> Barcode not found or inactive: MEJA01_688045-455449
ERROR - 2025-08-08 02:28:52 --> Barcode not found or inactive: MEJA01_688045-455449
ERROR - 2025-08-08 02:30:36 --> Barcode not found or inactive: MEJA01_688045-455449
ERROR - 2025-08-08 02:32:36 --> Barcode not found or inactive: MEJA01_688045-455449
ERROR - 2025-08-08 02:33:04 --> Barcode not found or inactive: MEJA01_688045-455449
ERROR - 2025-08-08 02:34:46 --> Barcode not found or inactive: MEJA01_688045-455449
ERROR - 2025-08-08 02:35:50 --> Barcode not found or inactive: MEJA01_688045-455449
ERROR - 2025-08-08 02:38:00 --> Barcode not found or inactive: MEJA01_688045-455449
ERROR - 2025-08-08 02:39:46 --> Barcode not found or inactive: MEJA01_688045-455449
ERROR - 2025-08-08 02:41:47 --> Barcode not found or inactive: MEJA01_688045-455449
ERROR - 2025-08-08 02:44:24 --> Barcode not found or inactive: MEJA01_688045-455449
ERROR - 2025-08-08 02:46:35 --> Barcode not found or inactive: MEJA01_688045-455449
ERROR - 2025-08-08 02:47:49 --> Barcode not found or inactive: MEJA01_688045-455449
ERROR - 2025-08-08 02:49:02 --> Barcode not found or inactive: MEJA01_688045-455449
ERROR - 2025-08-08 03:04:38 --> Barcode not found or inactive: 1
ERROR - 2025-08-08 03:10:40 --> Barcode not found or inactive: 1
ERROR - 2025-08-08 03:12:23 --> Barcode not found or inactive: 1
ERROR - 2025-08-08 03:14:25 --> Barcode not found or inactive: 1
ERROR - 2025-08-08 03:17:12 --> Barcode not found or inactive: 1
CRITICAL - 2025-08-08 03:18:25 --> Undefined variable: totalTime
#0 C:\laragon\www\pointofsale\system\Debug\Toolbar\Views\toolbar.tpl.php(40): CodeIgniter\Debug\Exceptions->errorHandler(8, 'Undefined varia...', 'C:\\laragon\\www\\...', 40, Array)
#1 C:\laragon\www\pointofsale\system\Debug\Toolbar.php(497): include('C:\\laragon\\www\\...')
#2 C:\laragon\www\pointofsale\system\Debug\Toolbar.php(460): CodeIgniter\Debug\Toolbar->format(Array, 'html')
#3 C:\laragon\www\pointofsale\app\Config\Events.php(48): CodeIgniter\Debug\Toolbar->respond()
#4 C:\laragon\www\pointofsale\system\Events\Events.php(149): CodeIgniter\Events\Events::Config\{closure}()
#5 C:\laragon\www\pointofsale\system\CodeIgniter.php(300): CodeIgniter\Events\Events::trigger('pre_system')
#6 C:\laragon\www\pointofsale\index.php(37): CodeIgniter\CodeIgniter->run()
#7 {main}
CRITICAL - 2025-08-08 03:18:28 --> Undefined variable: totalTime
#0 C:\laragon\www\pointofsale\system\Debug\Toolbar\Views\toolbar.tpl.php(40): CodeIgniter\Debug\Exceptions->errorHandler(8, 'Undefined varia...', 'C:\\laragon\\www\\...', 40, Array)
#1 C:\laragon\www\pointofsale\system\Debug\Toolbar.php(497): include('C:\\laragon\\www\\...')
#2 C:\laragon\www\pointofsale\system\Debug\Toolbar.php(460): CodeIgniter\Debug\Toolbar->format(Array, 'html')
#3 C:\laragon\www\pointofsale\app\Config\Events.php(48): CodeIgniter\Debug\Toolbar->respond()
#4 C:\laragon\www\pointofsale\system\Events\Events.php(149): CodeIgniter\Events\Events::Config\{closure}()
#5 C:\laragon\www\pointofsale\system\CodeIgniter.php(300): CodeIgniter\Events\Events::trigger('pre_system')
#6 C:\laragon\www\pointofsale\index.php(37): CodeIgniter\CodeIgniter->run()
#7 {main}
ERROR - 2025-08-08 05:36:18 --> Barcode not found or inactive: 1
ERROR - 2025-08-08 05:39:39 --> Barcode not found or inactive: 1
ERROR - 2025-08-08 05:46:59 --> Barcode not found or inactive: 1
CRITICAL - 2025-08-08 05:50:04 --> Undefined variable: totalTime
#0 C:\laragon\www\pointofsale\system\Debug\Toolbar\Views\toolbar.tpl.php(40): CodeIgniter\Debug\Exceptions->errorHandler(8, 'Undefined varia...', 'C:\\laragon\\www\\...', 40, Array)
#1 C:\laragon\www\pointofsale\system\Debug\Toolbar.php(497): include('C:\\laragon\\www\\...')
#2 C:\laragon\www\pointofsale\system\Debug\Toolbar.php(460): CodeIgniter\Debug\Toolbar->format(Array, 'html')
#3 C:\laragon\www\pointofsale\app\Config\Events.php(48): CodeIgniter\Debug\Toolbar->respond()
#4 C:\laragon\www\pointofsale\system\Events\Events.php(149): CodeIgniter\Events\Events::Config\{closure}()
#5 C:\laragon\www\pointofsale\system\CodeIgniter.php(300): CodeIgniter\Events\Events::trigger('pre_system')
#6 C:\laragon\www\pointofsale\index.php(37): CodeIgniter\CodeIgniter->run()
#7 {main}
CRITICAL - 2025-08-08 06:00:20 --> Undefined variable: totalTime
#0 C:\laragon\www\pointofsale\system\Debug\Toolbar\Views\toolbar.tpl.php(40): CodeIgniter\Debug\Exceptions->errorHandler(8, 'Undefined varia...', 'C:\\laragon\\www\\...', 40, Array)
#1 C:\laragon\www\pointofsale\system\Debug\Toolbar.php(497): include('C:\\laragon\\www\\...')
#2 C:\laragon\www\pointofsale\system\Debug\Toolbar.php(460): CodeIgniter\Debug\Toolbar->format(Array, 'html')
#3 C:\laragon\www\pointofsale\app\Config\Events.php(48): CodeIgniter\Debug\Toolbar->respond()
#4 C:\laragon\www\pointofsale\system\Events\Events.php(149): CodeIgniter\Events\Events::Config\{closure}()
#5 C:\laragon\www\pointofsale\system\CodeIgniter.php(300): CodeIgniter\Events\Events::trigger('pre_system')
#6 C:\laragon\www\pointofsale\index.php(37): CodeIgniter\CodeIgniter->run()
#7 {main}
CRITICAL - 2025-08-08 06:00:22 --> Undefined variable: totalTime
#0 C:\laragon\www\pointofsale\system\Debug\Toolbar\Views\toolbar.tpl.php(40): CodeIgniter\Debug\Exceptions->errorHandler(8, 'Undefined varia...', 'C:\\laragon\\www\\...', 40, Array)
#1 C:\laragon\www\pointofsale\system\Debug\Toolbar.php(497): include('C:\\laragon\\www\\...')
#2 C:\laragon\www\pointofsale\system\Debug\Toolbar.php(460): CodeIgniter\Debug\Toolbar->format(Array, 'html')
#3 C:\laragon\www\pointofsale\app\Config\Events.php(48): CodeIgniter\Debug\Toolbar->respond()
#4 C:\laragon\www\pointofsale\system\Events\Events.php(149): CodeIgniter\Events\Events::Config\{closure}()
#5 C:\laragon\www\pointofsale\system\CodeIgniter.php(300): CodeIgniter\Events\Events::trigger('pre_system')
#6 C:\laragon\www\pointofsale\index.php(37): CodeIgniter\CodeIgniter->run()
#7 {main}
CRITICAL - 2025-08-08 06:03:28 --> Undefined variable: totalTime
#0 C:\laragon\www\pointofsale\system\Debug\Toolbar\Views\toolbar.tpl.php(40): CodeIgniter\Debug\Exceptions->errorHandler(8, 'Undefined varia...', 'C:\\laragon\\www\\...', 40, Array)
#1 C:\laragon\www\pointofsale\system\Debug\Toolbar.php(497): include('C:\\laragon\\www\\...')
#2 C:\laragon\www\pointofsale\system\Debug\Toolbar.php(460): CodeIgniter\Debug\Toolbar->format(Array, 'html')
#3 C:\laragon\www\pointofsale\app\Config\Events.php(48): CodeIgniter\Debug\Toolbar->respond()
#4 C:\laragon\www\pointofsale\system\Events\Events.php(149): CodeIgniter\Events\Events::Config\{closure}()
#5 C:\laragon\www\pointofsale\system\CodeIgniter.php(300): CodeIgniter\Events\Events::trigger('pre_system')
#6 C:\laragon\www\pointofsale\index.php(37): CodeIgniter\CodeIgniter->run()
#7 {main}
CRITICAL - 2025-08-08 06:03:30 --> file_get_contents(): read of 8192 bytes failed with errno=13 Permission denied
#0 [internal function]: CodeIgniter\Debug\Exceptions->errorHandler(8, 'file_get_conten...', 'C:\\laragon\\www\\...', 460, Array)
#1 C:\laragon\www\pointofsale\system\Debug\Toolbar.php(460): file_get_contents('C:\\laragon\\www\\...')
#2 C:\laragon\www\pointofsale\app\Config\Events.php(48): CodeIgniter\Debug\Toolbar->respond()
#3 C:\laragon\www\pointofsale\system\Events\Events.php(149): CodeIgniter\Events\Events::Config\{closure}()
#4 C:\laragon\www\pointofsale\system\CodeIgniter.php(300): CodeIgniter\Events\Events::trigger('pre_system')
#5 C:\laragon\www\pointofsale\index.php(37): CodeIgniter\CodeIgniter->run()
#6 {main}
CRITICAL - 2025-08-08 06:26:59 --> Undefined variable: totalTime
#0 C:\laragon\www\pointofsale\system\Debug\Toolbar\Views\toolbar.tpl.php(40): CodeIgniter\Debug\Exceptions->errorHandler(8, 'Undefined varia...', 'C:\\laragon\\www\\...', 40, Array)
#1 C:\laragon\www\pointofsale\system\Debug\Toolbar.php(497): include('C:\\laragon\\www\\...')
#2 C:\laragon\www\pointofsale\system\Debug\Toolbar.php(460): CodeIgniter\Debug\Toolbar->format(Array, 'html')
#3 C:\laragon\www\pointofsale\app\Config\Events.php(48): CodeIgniter\Debug\Toolbar->respond()
#4 C:\laragon\www\pointofsale\system\Events\Events.php(149): CodeIgniter\Events\Events::Config\{closure}()
#5 C:\laragon\www\pointofsale\system\CodeIgniter.php(300): CodeIgniter\Events\Events::trigger('pre_system')
#6 C:\laragon\www\pointofsale\index.php(37): CodeIgniter\CodeIgniter->run()
#7 {main}
CRITICAL - 2025-08-08 06:30:37 --> Undefined variable: totalTime
#0 C:\laragon\www\pointofsale\system\Debug\Toolbar\Views\toolbar.tpl.php(40): CodeIgniter\Debug\Exceptions->errorHandler(8, 'Undefined varia...', 'C:\\laragon\\www\\...', 40, Array)
#1 C:\laragon\www\pointofsale\system\Debug\Toolbar.php(497): include('C:\\laragon\\www\\...')
#2 C:\laragon\www\pointofsale\system\Debug\Toolbar.php(460): CodeIgniter\Debug\Toolbar->format(Array, 'html')
#3 C:\laragon\www\pointofsale\app\Config\Events.php(48): CodeIgniter\Debug\Toolbar->respond()
#4 C:\laragon\www\pointofsale\system\Events\Events.php(149): CodeIgniter\Events\Events::Config\{closure}()
#5 C:\laragon\www\pointofsale\system\CodeIgniter.php(300): CodeIgniter\Events\Events::trigger('pre_system')
#6 C:\laragon\www\pointofsale\index.php(37): CodeIgniter\CodeIgniter->run()
#7 {main}
CRITICAL - 2025-08-08 06:35:54 --> file_get_contents(): read of 8192 bytes failed with errno=13 Permission denied
#0 [internal function]: CodeIgniter\Debug\Exceptions->errorHandler(8, 'file_get_conten...', 'C:\\laragon\\www\\...', 80, Array)
#1 C:\laragon\www\pointofsale\system\Debug\Toolbar\Collectors\History.php(80): file_get_contents('C:\\laragon\\www\\...')
#2 C:\laragon\www\pointofsale\system\Debug\Toolbar.php(483): CodeIgniter\Debug\Toolbar\Collectors\History->setFiles(1754652954, 20)
#3 C:\laragon\www\pointofsale\system\Debug\Toolbar.php(460): CodeIgniter\Debug\Toolbar->format(NULL, 'html')
#4 C:\laragon\www\pointofsale\app\Config\Events.php(48): CodeIgniter\Debug\Toolbar->respond()
#5 C:\laragon\www\pointofsale\system\Events\Events.php(149): CodeIgniter\Events\Events::Config\{closure}()
#6 C:\laragon\www\pointofsale\system\CodeIgniter.php(300): CodeIgniter\Events\Events::trigger('pre_system')
#7 C:\laragon\www\pointofsale\index.php(37): CodeIgniter\CodeIgniter->run()
#8 {main}
CRITICAL - 2025-08-08 11:31:52 --> Undefined variable: totalTime
#0 C:\laragon\www\pointofsale\system\Debug\Toolbar\Views\toolbar.tpl.php(40): CodeIgniter\Debug\Exceptions->errorHandler(8, 'Undefined varia...', 'C:\\laragon\\www\\...', 40, Array)
#1 C:\laragon\www\pointofsale\system\Debug\Toolbar.php(497): include('C:\\laragon\\www\\...')
#2 C:\laragon\www\pointofsale\system\Debug\Toolbar.php(460): CodeIgniter\Debug\Toolbar->format(Array, 'html')
#3 C:\laragon\www\pointofsale\app\Config\Events.php(48): CodeIgniter\Debug\Toolbar->respond()
#4 C:\laragon\www\pointofsale\system\Events\Events.php(149): CodeIgniter\Events\Events::Config\{closure}()
#5 C:\laragon\www\pointofsale\system\CodeIgniter.php(300): CodeIgniter\Events\Events::trigger('pre_system')
#6 C:\laragon\www\pointofsale\index.php(37): CodeIgniter\CodeIgniter->run()
#7 {main}
CRITICAL - 2025-08-08 11:43:48 --> Undefined variable: totalTime
#0 C:\laragon\www\pointofsale\system\Debug\Toolbar\Views\toolbar.tpl.php(40): CodeIgniter\Debug\Exceptions->errorHandler(8, 'Undefined varia...', 'C:\\laragon\\www\\...', 40, Array)
#1 C:\laragon\www\pointofsale\system\Debug\Toolbar.php(497): include('C:\\laragon\\www\\...')
#2 C:\laragon\www\pointofsale\system\Debug\Toolbar.php(460): CodeIgniter\Debug\Toolbar->format(Array, 'html')
#3 C:\laragon\www\pointofsale\app\Config\Events.php(48): CodeIgniter\Debug\Toolbar->respond()
#4 C:\laragon\www\pointofsale\system\Events\Events.php(149): CodeIgniter\Events\Events::Config\{closure}()
#5 C:\laragon\www\pointofsale\system\CodeIgniter.php(300): CodeIgniter\Events\Events::trigger('pre_system')
#6 C:\laragon\www\pointofsale\index.php(37): CodeIgniter\CodeIgniter->run()
#7 {main}
CRITICAL - 2025-08-08 11:43:52 --> Undefined variable: totalTime
#0 C:\laragon\www\pointofsale\system\Debug\Toolbar\Views\toolbar.tpl.php(40): CodeIgniter\Debug\Exceptions->errorHandler(8, 'Undefined varia...', 'C:\\laragon\\www\\...', 40, Array)
#1 C:\laragon\www\pointofsale\system\Debug\Toolbar.php(497): include('C:\\laragon\\www\\...')
#2 C:\laragon\www\pointofsale\system\Debug\Toolbar.php(460): CodeIgniter\Debug\Toolbar->format(Array, 'html')
#3 C:\laragon\www\pointofsale\app\Config\Events.php(48): CodeIgniter\Debug\Toolbar->respond()
#4 C:\laragon\www\pointofsale\system\Events\Events.php(149): CodeIgniter\Events\Events::Config\{closure}()
#5 C:\laragon\www\pointofsale\system\CodeIgniter.php(300): CodeIgniter\Events\Events::trigger('pre_system')
#6 C:\laragon\www\pointofsale\index.php(37): CodeIgniter\CodeIgniter->run()
#7 {main}
CRITICAL - 2025-08-08 23:04:05 --> Undefined variable: totalTime
#0 C:\laragon\www\pointofsale\system\Debug\Toolbar\Views\toolbar.tpl.php(40): CodeIgniter\Debug\Exceptions->errorHandler(8, 'Undefined varia...', 'C:\\laragon\\www\\...', 40, Array)
#1 C:\laragon\www\pointofsale\system\Debug\Toolbar.php(497): include('C:\\laragon\\www\\...')
#2 C:\laragon\www\pointofsale\system\Debug\Toolbar.php(460): CodeIgniter\Debug\Toolbar->format(Array, 'html')
#3 C:\laragon\www\pointofsale\app\Config\Events.php(48): CodeIgniter\Debug\Toolbar->respond()
#4 C:\laragon\www\pointofsale\system\Events\Events.php(149): CodeIgniter\Events\Events::Config\{closure}()
#5 C:\laragon\www\pointofsale\system\CodeIgniter.php(300): CodeIgniter\Events\Events::trigger('pre_system')
#6 C:\laragon\www\pointofsale\index.php(37): CodeIgniter\CodeIgniter->run()
#7 {main}
CRITICAL - 2025-08-08 23:21:35 --> file_get_contents(): read of 8192 bytes failed with errno=13 Permission denied
#0 [internal function]: CodeIgniter\Debug\Exceptions->errorHandler(8, 'file_get_conten...', 'C:\\laragon\\www\\...', 80, Array)
#1 C:\laragon\www\pointofsale\system\Debug\Toolbar\Collectors\History.php(80): file_get_contents('C:\\laragon\\www\\...')
#2 C:\laragon\www\pointofsale\system\Debug\Toolbar.php(483): CodeIgniter\Debug\Toolbar\Collectors\History->setFiles(1754713294, 20)
#3 C:\laragon\www\pointofsale\system\Debug\Toolbar.php(460): CodeIgniter\Debug\Toolbar->format(Array, 'html')
#4 C:\laragon\www\pointofsale\app\Config\Events.php(48): CodeIgniter\Debug\Toolbar->respond()
#5 C:\laragon\www\pointofsale\system\Events\Events.php(149): CodeIgniter\Events\Events::Config\{closure}()
#6 C:\laragon\www\pointofsale\system\CodeIgniter.php(300): CodeIgniter\Events\Events::trigger('pre_system')
#7 C:\laragon\www\pointofsale\index.php(37): CodeIgniter\CodeIgniter->run()
#8 {main}
CRITICAL - 2025-08-08 23:28:27 --> Undefined variable: totalTime
#0 C:\laragon\www\pointofsale\system\Debug\Toolbar\Views\toolbar.tpl.php(40): CodeIgniter\Debug\Exceptions->errorHandler(8, 'Undefined varia...', 'C:\\laragon\\www\\...', 40, Array)
#1 C:\laragon\www\pointofsale\system\Debug\Toolbar.php(497): include('C:\\laragon\\www\\...')
#2 C:\laragon\www\pointofsale\system\Debug\Toolbar.php(460): CodeIgniter\Debug\Toolbar->format(Array, 'html')
#3 C:\laragon\www\pointofsale\app\Config\Events.php(48): CodeIgniter\Debug\Toolbar->respond()
#4 C:\laragon\www\pointofsale\system\Events\Events.php(149): CodeIgniter\Events\Events::Config\{closure}()
#5 C:\laragon\www\pointofsale\system\CodeIgniter.php(300): CodeIgniter\Events\Events::trigger('pre_system')
#6 C:\laragon\www\pointofsale\index.php(37): CodeIgniter\CodeIgniter->run()
#7 {main}
CRITICAL - 2025-08-08 23:29:23 --> file_get_contents(): read of 8192 bytes failed with errno=13 Permission denied
#0 [internal function]: CodeIgniter\Debug\Exceptions->errorHandler(8, 'file_get_conten...', 'C:\\laragon\\www\\...', 460, Array)
#1 C:\laragon\www\pointofsale\system\Debug\Toolbar.php(460): file_get_contents('C:\\laragon\\www\\...')
#2 C:\laragon\www\pointofsale\app\Config\Events.php(48): CodeIgniter\Debug\Toolbar->respond()
#3 C:\laragon\www\pointofsale\system\Events\Events.php(149): CodeIgniter\Events\Events::Config\{closure}()
#4 C:\laragon\www\pointofsale\system\CodeIgniter.php(300): CodeIgniter\Events\Events::trigger('pre_system')
#5 C:\laragon\www\pointofsale\index.php(37): CodeIgniter\CodeIgniter->run()
#6 {main}
CRITICAL - 2025-08-08 23:29:32 --> Undefined variable: totalTime
#0 C:\laragon\www\pointofsale\system\Debug\Toolbar\Views\toolbar.tpl.php(40): CodeIgniter\Debug\Exceptions->errorHandler(8, 'Undefined varia...', 'C:\\laragon\\www\\...', 40, Array)
#1 C:\laragon\www\pointofsale\system\Debug\Toolbar.php(497): include('C:\\laragon\\www\\...')
#2 C:\laragon\www\pointofsale\system\Debug\Toolbar.php(460): CodeIgniter\Debug\Toolbar->format(Array, 'html')
#3 C:\laragon\www\pointofsale\app\Config\Events.php(48): CodeIgniter\Debug\Toolbar->respond()
#4 C:\laragon\www\pointofsale\system\Events\Events.php(149): CodeIgniter\Events\Events::Config\{closure}()
#5 C:\laragon\www\pointofsale\system\CodeIgniter.php(300): CodeIgniter\Events\Events::trigger('pre_system')
#6 C:\laragon\www\pointofsale\index.php(37): CodeIgniter\CodeIgniter->run()
#7 {main}
CRITICAL - 2025-08-08 23:34:11 --> Undefined variable: totalTime
#0 C:\laragon\www\pointofsale\system\Debug\Toolbar\Views\toolbar.tpl.php(40): CodeIgniter\Debug\Exceptions->errorHandler(8, 'Undefined varia...', 'C:\\laragon\\www\\...', 40, Array)
#1 C:\laragon\www\pointofsale\system\Debug\Toolbar.php(497): include('C:\\laragon\\www\\...')
#2 C:\laragon\www\pointofsale\system\Debug\Toolbar.php(460): CodeIgniter\Debug\Toolbar->format(Array, 'html')
#3 C:\laragon\www\pointofsale\app\Config\Events.php(48): CodeIgniter\Debug\Toolbar->respond()
#4 C:\laragon\www\pointofsale\system\Events\Events.php(149): CodeIgniter\Events\Events::Config\{closure}()
#5 C:\laragon\www\pointofsale\system\CodeIgniter.php(300): CodeIgniter\Events\Events::trigger('pre_system')
#6 C:\laragon\www\pointofsale\index.php(37): CodeIgniter\CodeIgniter->run()
#7 {main}
CRITICAL - 2025-08-08 23:49:15 --> file_get_contents(): read of 8192 bytes failed with errno=13 Permission denied
#0 [internal function]: CodeIgniter\Debug\Exceptions->errorHandler(8, 'file_get_conten...', 'C:\\laragon\\www\\...', 80, Array)
#1 C:\laragon\www\pointofsale\system\Debug\Toolbar\Collectors\History.php(80): file_get_contents('C:\\laragon\\www\\...')
#2 C:\laragon\www\pointofsale\system\Debug\Toolbar.php(483): CodeIgniter\Debug\Toolbar\Collectors\History->setFiles(1754714954, 20)
#3 C:\laragon\www\pointofsale\system\Debug\Toolbar.php(460): CodeIgniter\Debug\Toolbar->format(Array, 'html')
#4 C:\laragon\www\pointofsale\app\Config\Events.php(48): CodeIgniter\Debug\Toolbar->respond()
#5 C:\laragon\www\pointofsale\system\Events\Events.php(149): CodeIgniter\Events\Events::Config\{closure}()
#6 C:\laragon\www\pointofsale\system\CodeIgniter.php(300): CodeIgniter\Events\Events::trigger('pre_system')
#7 C:\laragon\www\pointofsale\index.php(37): CodeIgniter\CodeIgniter->run()
#8 {main}
CRITICAL - 2025-08-08 23:49:44 --> Undefined variable: totalTime
#0 C:\laragon\www\pointofsale\system\Debug\Toolbar\Views\toolbar.tpl.php(40): CodeIgniter\Debug\Exceptions->errorHandler(8, 'Undefined varia...', 'C:\\laragon\\www\\...', 40, Array)
#1 C:\laragon\www\pointofsale\system\Debug\Toolbar.php(497): include('C:\\laragon\\www\\...')
#2 C:\laragon\www\pointofsale\system\Debug\Toolbar.php(460): CodeIgniter\Debug\Toolbar->format(Array, 'html')
#3 C:\laragon\www\pointofsale\app\Config\Events.php(48): CodeIgniter\Debug\Toolbar->respond()
#4 C:\laragon\www\pointofsale\system\Events\Events.php(149): CodeIgniter\Events\Events::Config\{closure}()
#5 C:\laragon\www\pointofsale\system\CodeIgniter.php(300): CodeIgniter\Events\Events::trigger('pre_system')
#6 C:\laragon\www\pointofsale\index.php(37): CodeIgniter\CodeIgniter->run()
#7 {main}
