ERROR - 2025-07-12 01:34:28 --> Table 'cafein.user' doesn't exist
CRITICAL - 2025-07-12 01:34:28 --> Table 'cafein.user' doesn't exist
#0 C:\laragon\www\kubokopi\system\Database\MySQLi\Connection.php(292): mysqli->query('SELECT *\nFROM `...', 0)
#1 C:\laragon\www\kubokopi\system\Database\BaseConnection.php(670): CodeIgniter\Database\MySQLi\Connection->execute('SELECT *\nFROM `...')
#2 C:\laragon\www\kubokopi\system\Database\BaseConnection.php(598): CodeIgniter\Database\BaseConnection->simpleQuery('SELECT *\nFROM `...')
#3 C:\laragon\www\kubokopi\system\Database\BaseBuilder.php(1443): CodeIgniter\Database\BaseConnection->query('SELECT *\nFROM `...', Array, false)
#4 C:\laragon\www\kubokopi\system\Model.php(183): CodeIgniter\Database\BaseBuilder->get()
#5 C:\laragon\www\kubokopi\system\BaseModel.php(584): CodeIgniter\Model->doFindAll(0, 0)
#6 C:\laragon\www\kubokopi\app\Controllers\Dashboard.php(24): CodeIgniter\BaseModel->findAll()
#7 C:\laragon\www\kubokopi\system\CodeIgniter.php(824): App\Controllers\Dashboard->index()
#8 C:\laragon\www\kubokopi\system\CodeIgniter.php(410): CodeIgniter\CodeIgniter->runController(Object(App\Controllers\Dashboard))
#9 C:\laragon\www\kubokopi\system\CodeIgniter.php(318): CodeIgniter\CodeIgniter->handleRequest(NULL, Object(Config\Cache), false)
#10 C:\laragon\www\kubokopi\index.php(37): CodeIgniter\CodeIgniter->run()
#11 {main}
ERROR - 2025-07-12 01:34:29 --> Table 'cafein.user' doesn't exist
CRITICAL - 2025-07-12 01:34:29 --> Table 'cafein.user' doesn't exist
#0 C:\laragon\www\kubokopi\system\Database\MySQLi\Connection.php(292): mysqli->query('SELECT *\nFROM `...', 0)
#1 C:\laragon\www\kubokopi\system\Database\BaseConnection.php(670): CodeIgniter\Database\MySQLi\Connection->execute('SELECT *\nFROM `...')
#2 C:\laragon\www\kubokopi\system\Database\BaseConnection.php(598): CodeIgniter\Database\BaseConnection->simpleQuery('SELECT *\nFROM `...')
#3 C:\laragon\www\kubokopi\system\Database\BaseBuilder.php(1443): CodeIgniter\Database\BaseConnection->query('SELECT *\nFROM `...', Array, false)
#4 C:\laragon\www\kubokopi\system\Model.php(183): CodeIgniter\Database\BaseBuilder->get()
#5 C:\laragon\www\kubokopi\system\BaseModel.php(584): CodeIgniter\Model->doFindAll(0, 0)
#6 C:\laragon\www\kubokopi\app\Controllers\Dashboard.php(24): CodeIgniter\BaseModel->findAll()
#7 C:\laragon\www\kubokopi\system\CodeIgniter.php(824): App\Controllers\Dashboard->index()
#8 C:\laragon\www\kubokopi\system\CodeIgniter.php(410): CodeIgniter\CodeIgniter->runController(Object(App\Controllers\Dashboard))
#9 C:\laragon\www\kubokopi\system\CodeIgniter.php(318): CodeIgniter\CodeIgniter->handleRequest(NULL, Object(Config\Cache), false)
#10 C:\laragon\www\kubokopi\index.php(37): CodeIgniter\CodeIgniter->run()
#11 {main}
